<?xml version="1.0" encoding="UTF-8"?>
<!-- Generated by org.testng.reporters.JUnitReportReporter -->
<testsuite hostname="Vivek" failures="0" tests="1" name="testCases.TC_CU_007submittingContactusEnquirywithoutenteringmandatoryfields" time="0.948" errors="0" timestamp="2024-05-08T11:54:31 EDT" skipped="0">
  <testcase classname="testCases.TC_CU_007submittingContactusEnquirywithoutenteringmandatoryfields" name="submittingContactusEnquirywithoutenteringmandatoryfields" time="0.948"/>
</testsuite> <!-- testCases.TC_CU_007submittingContactusEnquirywithoutenteringmandatoryfields -->
