<?xml version="1.0" encoding="UTF-8"?>
<!-- Generated by org.testng.reporters.JUnitReportReporter -->
<testsuite hostname="Vivek" failures="0" tests="1" name="testCases.TC_TS_002YourTransactionsfromMyAccountdrpdown" time="2.330" errors="0" timestamp="2024-05-06T09:33:02 EDT" skipped="0">
  <testcase classname="testCases.TC_TS_002YourTransactionsfromMyAccountdrpdown" name="YourTransactionsfromMyAccountdrpdown" time="2.330"/>
</testsuite> <!-- testCases.TC_TS_002YourTransactionsfromMyAccountdrpdown -->
