<?xml version="1.0" encoding="UTF-8"?>
<!-- Generated by org.testng.reporters.JUnitReportReporter -->
<testsuite hostname="Vivek" failures="0" tests="1" name="testCases.TC_RCP_001recurringPaymentsfromMyAcntPG" time="2.381" errors="0" timestamp="2024-05-06T10:46:00 EDT" skipped="0">
  <testcase classname="testCases.TC_RCP_001recurringPaymentsfromMyAcntPG" name="recurringPaymentsfromMyAcntPG" time="2.381"/>
</testsuite> <!-- testCases.TC_RCP_001recurringPaymentsfromMyAcntPG -->
