<?xml version="1.0" encoding="UTF-8"?>
<!-- Generated by org.testng.reporters.JUnitReportReporter -->
<testsuite hostname="Vivek" failures="0" tests="1" name="testCases.TC_SC_015validatingcouponcodewhichgotexpired" time="6.871" errors="0" timestamp="2024-04-22T08:41:53 EDT" skipped="0">
  <testcase classname="testCases.TC_SC_015validatingcouponcodewhichgotexpired" name="validatingcouponcodewhichgotexpired" time="6.871"/>
</testsuite> <!-- testCases.TC_SC_015validatingcouponcodewhichgotexpired -->
