<?xml version="1.0" encoding="UTF-8"?>
<!-- Generated by org.testng.reporters.JUnitReportReporter -->
<testsuite hostname="Vivek" failures="0" tests="1" name="testCases.TC_AFL_008ValidatingmandatoryfieldsinPaypal" time="2.956" errors="0" timestamp="2024-05-07T09:55:43 EDT" skipped="0">
  <testcase classname="testCases.TC_AFL_008ValidatingmandatoryfieldsinPaypal" name="ValidatingmandatoryfieldsinPaypal" time="2.956"/>
</testsuite> <!-- testCases.TC_AFL_008ValidatingmandatoryfieldsinPaypal -->
