<?xml version="1.0" encoding="UTF-8"?>
<!-- Generated by org.testng.reporters.JUnitReportReporter -->
<testsuite hostname="Vivek" failures="0" tests="1" name="testCases.TC_SPO_007ValidatingSORTBYoptioninspecialoffersPg" time="3.747" errors="0" timestamp="2024-05-11T16:48:44 EDT" skipped="0">
  <testcase classname="testCases.TC_SPO_007ValidatingSORTBYoptioninspecialoffersPg" name="ValidatingGRIDviewinSpecialoffersPg" time="3.747"/>
</testsuite> <!-- testCases.TC_SPO_007ValidatingSORTBYoptioninspecialoffersPg -->
