<?xml version="1.0" encoding="UTF-8"?>
<!-- Generated by org.testng.reporters.JUnitReportReporter -->
<testsuite hostname="Vivek" failures="0" tests="1" name="testCases.TC_HMF_001Validatingcorrectphonenumberdisplayedincontactoption" time="0.522" errors="0" timestamp="2024-05-14T16:20:29 EDT" skipped="0">
  <testcase classname="testCases.TC_HMF_001Validatingcorrectphonenumberdisplayedincontactoption" name="Validatingcorrectphonenumberdisplayedincontactoption" time="0.522"/>
</testsuite> <!-- testCases.TC_HMF_001Validatingcorrectphonenumberdisplayedincontactoption -->
