<?xml version="1.0" encoding="UTF-8"?>
<!-- Generated by org.testng.reporters.JUnitReportReporter -->
<testsuite hostname="Vivek" failures="0" tests="1" name="testCases.TC_017_Defaultquantitysetto1Test" time="22.725" errors="0" timestamp="2024-01-25T09:36:58 EST" skipped="0">
  <testcase classname="testCases.TC_017_Defaultquantitysetto1Test" name="Verify_Defaultquantitysetto1" time="22.725"/>
</testsuite> <!-- testCases.TC_017_Defaultquantitysetto1Test -->
