<?xml version="1.0" encoding="UTF-8"?>
<!-- Generated by org.testng.reporters.JUnitReportReporter -->
<testsuite hostname="Vivek" failures="0" tests="1" name="pageObjects.TC_RS_007ReturninfoPgfromProductreturnsPg" time="2.852" errors="0" timestamp="2024-05-05T22:35:08 EDT" skipped="0">
  <testcase classname="pageObjects.TC_RS_007ReturninfoPgfromProductreturnsPg" name="ReturninfoPgfromProductreturnsPg" time="2.852"/>
</testsuite> <!-- pageObjects.TC_RS_007ReturninfoPgfromProductreturnsPg -->
