<?xml version="1.0" encoding="UTF-8"?>
<!-- Generated by org.testng.reporters.JUnitReportReporter -->
<testsuite hostname="Vivek" failures="0" tests="1" name="testCases.TC_SPO_011ValidateaddingProductforComparisonfromSpecialOfferspage" time="9.064" errors="0" timestamp="2024-05-14T11:28:34 EDT" skipped="0">
  <testcase classname="testCases.TC_SPO_011ValidateaddingProductforComparisonfromSpecialOfferspage" name="ValidateaddingProductforComparisonfromSpecialOfferspage" time="9.064"/>
</testsuite> <!-- testCases.TC_SPO_011ValidateaddingProductforComparisonfromSpecialOfferspage -->
