<?xml version="1.0" encoding="UTF-8"?>
<!-- Generated by org.testng.reporters.JUnitReportReporter -->
<testsuite hostname="Vivek" failures="0" tests="1" name="testCases.TC_CP_003Changepasswordfromsitemap" time="2.844" errors="0" timestamp="2024-04-27T22:31:19 EDT" skipped="0">
  <testcase classname="testCases.TC_CP_003Changepasswordfromsitemap" name="Changepasswordfromsitemap" time="2.844"/>
</testsuite> <!-- testCases.TC_CP_003Changepasswordfromsitemap -->
