<?xml version="1.0" encoding="UTF-8"?>
<!-- Generated by org.testng.reporters.JUnitReportReporter -->
<testsuite hostname="Vivek" failures="0" tests="1" name="testCases.TC_AB_006warningmsgwhendeletingdefaultaddress" time="2.344" errors="0" timestamp="2024-04-29T19:06:02 EDT" skipped="0">
  <testcase classname="testCases.TC_AB_006warningmsgwhendeletingdefaultaddress" name="warningmsgwhendeletingdefaultaddress" time="2.344"/>
</testsuite> <!-- testCases.TC_AB_006warningmsgwhendeletingdefaultaddress -->
