<?xml version="1.0" encoding="UTF-8"?>
<!-- Generated by org.testng.reporters.JUnitReportReporter -->
<testsuite hostname="Vivek" failures="0" tests="1" name="testCases.TC_CR_001ValidatingCurrencyFunctionalybyselectingEURO" time="0.772" errors="0" timestamp="2024-05-14T23:17:30 EDT" skipped="0">
  <testcase classname="testCases.TC_CR_001ValidatingCurrencyFunctionalybyselectingEURO" name="ValidatingCurrencyFunctionalybyselectingEURO" time="0.772"/>
</testsuite> <!-- testCases.TC_CR_001ValidatingCurrencyFunctionalybyselectingEURO -->
