<?xml version="1.0" encoding="UTF-8"?>
<!-- Generated by org.testng.reporters.JUnitReportReporter -->
<testsuite hostname="Vivek" failures="0" tests="1" name="testCases.TC_OH_008ValidatingViewIconOption" time="2.283" errors="0" timestamp="2024-04-30T22:42:39 EDT" skipped="0">
  <testcase classname="testCases.TC_OH_008ValidatingViewIconOption" name="ValidatingViewIconOption" time="2.283"/>
</testsuite> <!-- testCases.TC_OH_008ValidatingViewIconOption -->
