<?xml version="1.0" encoding="UTF-8"?>
<!-- Generated by org.testng.reporters.JUnitReportReporter -->
<testsuite hostname="Vivek" failures="0" tests="1" name="testCases.TC_SC_010_Removingprdctfrshpcart" time="6.414" errors="0" timestamp="2024-04-21T22:13:14 EDT" skipped="0">
  <testcase classname="testCases.TC_SC_010_Removingprdctfrshpcart" name="verify_Removingprdctfrshpcart" time="6.414"/>
</testsuite> <!-- testCases.TC_SC_010_Removingprdctfrshpcart -->
