<?xml version="1.0" encoding="UTF-8"?>
<!-- Generated by org.testng.reporters.JUnitReportReporter -->
<testsuite hostname="Vivek" failures="0" tests="1" name="testCases.TC_AFL_025ValidategeneratingAffiliateTrackinglink" time="6.873" errors="0" timestamp="2024-05-07T16:53:35 EDT" skipped="0">
  <testcase classname="testCases.TC_AFL_025ValidategeneratingAffiliateTrackinglink" name="ValidategeneratingAffiliateTrackinglink" time="6.873"/>
</testsuite> <!-- testCases.TC_AFL_025ValidategeneratingAffiliateTrackinglink -->
