<?xml version="1.0" encoding="UTF-8"?>
<!-- Generated by org.testng.reporters.JUnitReportReporter -->
<testsuite hostname="Vivek" failures="0" tests="1" name="testCases.TC_28_ProductnamelinkinCartbtn" time="15.277" errors="0" timestamp="2024-03-24T16:03:45 EDT" skipped="0">
  <testcase classname="testCases.TC_28_ProductnamelinkinCartbtn" name="verify_productnamelinkincart" time="15.277"/>
</testsuite> <!-- testCases.TC_28_ProductnamelinkinCartbtn -->
