<?xml version="1.0" encoding="UTF-8"?>
<!-- Generated by org.testng.reporters.JUnitReportReporter -->
<testsuite hostname="Vivek" failures="0" tests="1" name="testCases.TC_NLT_006BackbtninNewslettersubscpg" time="4.336" errors="0" timestamp="2024-05-07T18:09:18 EDT" skipped="0">
  <testcase classname="testCases.TC_NLT_006BackbtninNewslettersubscpg" name="BackbtninNewslettersubscpg" time="4.336"/>
</testsuite> <!-- testCases.TC_NLT_006BackbtninNewslettersubscpg -->
