<?xml version="1.0" encoding="UTF-8"?>
<!-- Generated by org.testng.reporters.JUnitReportReporter -->
<testsuite hostname="Vivek" failures="0" tests="1" name="testCases.TC_SC_028validategiftcerfbynotprovidingvalue" time="6.042" errors="0" timestamp="2024-04-23T23:07:27 EDT" skipped="0">
  <testcase classname="testCases.TC_SC_028validategiftcerfbynotprovidingvalue" name="validategiftcerfbynotprovidingvalue" time="6.042"/>
</testsuite> <!-- testCases.TC_SC_028validategiftcerfbynotprovidingvalue -->
