<?xml version="1.0" encoding="UTF-8"?>
<!-- Generated by org.testng.reporters.JUnitReportReporter -->
<testsuite hostname="Vivek" failures="0" tests="1" name="testCases.TC_LG_001ValidatingLogoutfromMyAcntDropdown" time="2.843" errors="0" timestamp="2024-05-15T17:55:14 EDT" skipped="0">
  <testcase classname="testCases.TC_LG_001ValidatingLogoutfromMyAcntDropdown" name="ValidatingLogoutfromMyAcntDropdown" time="2.843"/>
</testsuite> <!-- testCases.TC_LG_001ValidatingLogoutfromMyAcntDropdown -->
