<?xml version="1.0" encoding="UTF-8"?>
<!-- Generated by org.testng.reporters.JUnitReportReporter -->
<testsuite hostname="Vivek" failures="0" tests="1" name="testCases.TC_GC_002purchasinggiftcetfbyprovidingallmandatorydetails" time="6.014" errors="0" timestamp="2024-05-08T17:39:11 EDT" skipped="0">
  <testcase classname="testCases.TC_GC_002purchasinggiftcetfbyprovidingallmandatorydetails" name="submittingenquiryafterloggedin" time="6.014"/>
</testsuite> <!-- testCases.TC_GC_002purchasinggiftcetfbyprovidingallmandatorydetails -->
