<?xml version="1.0" encoding="UTF-8"?>
<!-- Generated by org.testng.reporters.JUnitReportReporter -->
<testsuite hostname="Vivek" failures="0" tests="1" name="testCases.TC_AB_008tryingtoDeleteDefaultAddress" time="4.254" errors="0" timestamp="2024-04-30T10:16:15 EDT" skipped="0">
  <testcase classname="testCases.TC_AB_008tryingtoDeleteDefaultAddress" name="tryingtoDeleteDefaultAddress" time="4.254"/>
</testsuite> <!-- testCases.TC_AB_008tryingtoDeleteDefaultAddress -->
