<?xml version="1.0" encoding="UTF-8"?>
<!-- Generated by org.testng.reporters.JUnitReportReporter -->
<testsuite hostname="Vivek" failures="0" tests="1" name="testCases.TC_SC_009_Enteringnegativeqntynupdate" time="23.627" errors="0" timestamp="2024-04-11T17:38:18 EDT" skipped="0">
  <testcase classname="testCases.TC_SC_009_Enteringnegativeqntynupdate" name="verify_Enteringnegativeqntynupdate" time="23.627"/>
</testsuite> <!-- testCases.TC_SC_009_Enteringnegativeqntynupdate -->
