<?xml version="1.0" encoding="UTF-8"?>
<!-- Generated by org.testng.reporters.JUnitReportReporter -->
<testsuite hostname="Vivek" failures="0" tests="1" name="testCases.TC_SC_023Cancelbtninalertmsg" time="13.196" errors="0" timestamp="2024-04-23T22:33:22 EDT" skipped="0">
  <testcase classname="testCases.TC_SC_023Cancelbtninalertmsg" name="Cancelbtninalertmsg" time="13.196"/>
</testsuite> <!-- testCases.TC_SC_023Cancelbtninalertmsg -->
