<?xml version="1.0" encoding="UTF-8"?>
<!-- Generated by org.testng.reporters.JUnitReportReporter -->
<testsuite hostname="Vivek" failures="0" tests="1" name="testCases.TC_31_WL_FeaturedsectioninHMPG" time="11.136" errors="0" timestamp="2024-01-31T21:49:12 EST" skipped="0">
  <testcase classname="testCases.TC_31_WL_FeaturedsectioninHMPG" name="addprdctWLinfeaturepg" time="11.136"/>
</testsuite> <!-- testCases.TC_31_WL_FeaturedsectioninHMPG -->
