<?xml version="1.0" encoding="UTF-8"?>
<!-- Generated by org.testng.reporters.JUnitReportReporter -->
<testsuite hostname="Vivek" failures="0" tests="1" name="testCases.TC_AB_011BackbuttoninEditaddress" time="4.996" errors="0" timestamp="2024-04-30T12:50:16 EDT" skipped="0">
  <testcase classname="testCases.TC_AB_011BackbuttoninEditaddress" name="BackbuttoninEditaddress" time="4.996"/>
</testsuite> <!-- testCases.TC_AB_011BackbuttoninEditaddress -->
