<?xml version="1.0" encoding="UTF-8"?>
<!-- Generated by org.testng.reporters.JUnitReportReporter -->
<testsuite hostname="Vivek" failures="0" tests="1" name="testCases.TC_HMF_018vALIDATEProductDisplayPagefromBrandpage" time="1.871" errors="0" timestamp="2024-05-14T23:05:40 EDT" skipped="0">
  <testcase classname="testCases.TC_HMF_018vALIDATEProductDisplayPagefromBrandpage" name="vALIDATEProductDisplayPagefromBrandpage" time="1.871"/>
</testsuite> <!-- testCases.TC_HMF_018vALIDATEProductDisplayPagefromBrandpage -->
