<?xml version="1.0" encoding="UTF-8"?>
<!-- Generated by org.testng.reporters.JUnitReportReporter -->
<testsuite hostname="Vivek" failures="0" tests="1" name="testCases.TC_TS_004YourtransactionfrmRightcolumnbeforeeLogin" time="2.759" errors="0" timestamp="2024-05-06T09:45:59 EDT" skipped="0">
  <testcase classname="testCases.TC_TS_004YourtransactionfrmRightcolumnbeforeeLogin" name="YourtransactionfrmRightcolumnbeforeeLogin" time="2.759"/>
</testsuite> <!-- testCases.TC_TS_004YourtransactionfrmRightcolumnbeforeeLogin -->
