<?xml version="1.0" encoding="UTF-8"?>
<!-- Generated by org.testng.reporters.JUnitReportReporter -->
<testsuite hostname="Vivek" failures="0" tests="1" name="testCases.TC_AB_010deletingallmandatoryfieldsinnaddress" time="5.528" errors="0" timestamp="2024-04-30T12:14:23 EDT" skipped="0">
  <testcase classname="testCases.TC_AB_010deletingallmandatoryfieldsinnaddress" name="deletingallmandatoryfieldsinnaddress" time="5.528"/>
</testsuite> <!-- testCases.TC_AB_010deletingallmandatoryfieldsinnaddress -->
