<?xml version="1.0" encoding="UTF-8"?>
<!-- Generated by org.testng.reporters.JUnitReportReporter -->
<testsuite hostname="Vivek" failures="0" tests="1" name="testCases.TC_SC_020EstimateShippingNTaxesinSHPCRT" time="12.547" errors="0" timestamp="2024-04-23T10:00:50 EDT" skipped="0">
  <testcase classname="testCases.TC_SC_020EstimateShippingNTaxesinSHPCRT" name="EstimateShippingNTaxesinSHPCRT" time="12.547"/>
</testsuite> <!-- testCases.TC_SC_020EstimateShippingNTaxesinSHPCRT -->
