<?xml version="1.0" encoding="UTF-8"?>
<!-- Generated by org.testng.reporters.JUnitReportReporter -->
<testsuite hostname="Vivek" failures="0" tests="1" name="testCases.TC_MA_002validatingmyaccountlogin" time="4.989" errors="0" timestamp="2024-04-27T01:08:56 EDT" skipped="0">
  <testcase classname="testCases.TC_MA_002validatingmyaccountlogin" name="validatingmyaccountlogin" time="4.989"/>
</testsuite> <!-- testCases.TC_MA_002validatingmyaccountlogin -->
