<?xml version="1.0" encoding="UTF-8"?>
<!-- Generated by org.testng.reporters.JUnitReportReporter -->
<testsuite hostname="Vivek" failures="0" tests="1" name="testCases.TC_014_PdctInstockOutstockPreorderTest" time="5.908" errors="0" timestamp="2024-01-16T20:44:53 EST" skipped="0">
  <testcase classname="testCases.TC_014_PdctInstockOutstockPreorderTest" name="Verify_PdctInstockOutstockPreorder" time="5.908"/>
</testsuite> <!-- testCases.TC_014_PdctInstockOutstockPreorderTest -->
