<?xml version="1.0" encoding="UTF-8"?>
<!-- Generated by org.testng.reporters.JUnitReportReporter -->
<testsuite hostname="Vivek" failures="0" tests="1" name="testCases.TC_AFL_019VerifyingAffiliatefooterlinkwhenuserisalreadyloggedin" time="2.461" errors="0" timestamp="2024-05-07T13:55:07 EDT" skipped="0">
  <testcase classname="testCases.TC_AFL_019VerifyingAffiliatefooterlinkwhenuserisalreadyloggedin" name="VerifyingAffiliatefooterlinkwhenuserisalreadyloggedin" time="2.461"/>
</testsuite> <!-- testCases.TC_AFL_019VerifyingAffiliatefooterlinkwhenuserisalreadyloggedin -->
