<?xml version="1.0" encoding="UTF-8"?>
<!-- Generated by org.testng.reporters.JUnitReportReporter -->
<testsuite hostname="Vivek" failures="0" tests="1" name="testCases.TC_RP_005ContinueBtninYourRewardsPointPg" time="2.604" errors="0" timestamp="2024-05-04T17:44:33 EDT" skipped="0">
  <testcase classname="testCases.TC_RP_005ContinueBtninYourRewardsPointPg" name="ContinueBtninYourRewardsPointPg" time="2.604"/>
</testsuite> <!-- testCases.TC_RP_005ContinueBtninYourRewardsPointPg -->
