<?xml version="1.0" encoding="UTF-8"?>
<!-- Generated by org.testng.reporters.JUnitReportReporter -->
<testsuite hostname="Vivek" failures="0" tests="1" name="testCases.TC_CP_009validatebackbuttoninchangepswdpg" time="3.455" errors="0" timestamp="2024-04-27T23:35:29 EDT" skipped="0">
  <testcase classname="testCases.TC_CP_009validatebackbuttoninchangepswdpg" name="validatebackbuttoninchangepswdpg" time="3.455"/>
</testsuite> <!-- testCases.TC_CP_009validatebackbuttoninchangepswdpg -->
