<?xml version="1.0" encoding="UTF-8"?>
<!-- Generated by org.testng.reporters.JUnitReportReporter -->
<testsuite hostname="Vivek" failures="0" tests="1" name="testCases.TC_HMF_007ValidatePrivacyPolicyFooterlink" time="0.540" errors="0" timestamp="2024-05-14T18:56:35 EDT" skipped="0">
  <testcase classname="testCases.TC_HMF_007ValidatePrivacyPolicyFooterlink" name="ValidateDeliveryInformationFooterlink" time="0.540"/>
</testsuite> <!-- testCases.TC_HMF_007ValidatePrivacyPolicyFooterlink -->
