<?xml version="1.0" encoding="UTF-8"?>
<!-- Generated by org.testng.reporters.JUnitReportReporter -->
<testsuite hostname="Vivek" failures="0" tests="1" name="testCases.TC_AB_013testingNewAddresstabinAddressEntityPg" time="6.151" errors="0" timestamp="2024-04-30T13:04:11 EDT" skipped="0">
  <testcase classname="testCases.TC_AB_013testingNewAddresstabinAddressEntityPg" name="testingNewAddresstabinAddressEntityPg" time="6.151"/>
</testsuite> <!-- testCases.TC_AB_013testingNewAddresstabinAddressEntityPg -->
