<?xml version="1.0" encoding="UTF-8"?>
<!-- Generated by org.testng.reporters.JUnitReportReporter -->
<testsuite hostname="Vivek" failures="0" tests="1" name="testCases.TC_SC_001ShoppingcartPGfromSucssmsg" time="11.080" errors="0" timestamp="2024-05-05T16:17:30 EDT" skipped="0">
  <testcase classname="testCases.TC_SC_001ShoppingcartPGfromSucssmsg" name="validateshoppingcartSucessmsg" time="11.080"/>
</testsuite> <!-- testCases.TC_SC_001ShoppingcartPGfromSucssmsg -->
