<?xml version="1.0" encoding="UTF-8"?>
<!-- Generated by org.testng.reporters.JUnitReportReporter -->
<testsuite hostname="Vivek" failures="0" tests="1" name="testCases.TC_OH_006dateanddisplayofOrderhisPage" time="1.982" errors="0" timestamp="2024-04-30T22:34:42 EDT" skipped="0">
  <testcase classname="testCases.TC_OH_006dateanddisplayofOrderhisPage" name="dateanddisplayofOrderhisPage" time="1.982"/>
</testsuite> <!-- testCases.TC_OH_006dateanddisplayofOrderhisPage -->
