<?xml version="1.0" encoding="UTF-8"?>
<!-- Generated by org.testng.reporters.JUnitReportReporter -->
<testsuite hostname="Vivek" failures="0" tests="1" name="testCases.TC_CO_001checkoutpagewithoutaddanyprdct" time="0.981" errors="0" timestamp="2024-04-24T11:23:48 EDT" skipped="0">
  <testcase classname="testCases.TC_CO_001checkoutpagewithoutaddanyprdct" name="checkoutpagewithoutaddanyprdct" time="0.981"/>
</testsuite> <!-- testCases.TC_CO_001checkoutpagewithoutaddanyprdct -->
