<?xml version="1.0" encoding="UTF-8"?>
<!-- Generated by org.testng.reporters.JUnitReportReporter -->
<testsuite hostname="Vivek" failures="0" tests="1" name="testCases.TC_22_validateRevmandatoryfieldswarnmsg" time="3.857" errors="0" timestamp="2024-01-26T22:28:51 EST" skipped="0">
  <testcase classname="testCases.TC_22_validateRevmandatoryfieldswarnmsg" name="verify_mandatoryfieldwarnmsg" time="3.857"/>
</testsuite> <!-- testCases.TC_22_validateRevmandatoryfieldswarnmsg -->
