<?xml version="1.0" encoding="UTF-8"?>
<!-- Generated by org.testng.reporters.JUnitReportReporter -->
<testsuite hostname="Vivek" failures="0" tests="1" name="testCases.TC_32_AddingprdcttoWLusingCategorSub" time="11.049" errors="0" timestamp="2024-01-31T22:21:03 EST" skipped="0">
  <testcase classname="testCases.TC_32_AddingprdcttoWLusingCategorSub" name="AddingprdcttoWL" time="11.049"/>
</testsuite> <!-- testCases.TC_32_AddingprdcttoWLusingCategorSub -->
