<?xml version="1.0" encoding="UTF-8"?>
<!-- Generated by org.testng.reporters.JUnitReportReporter -->
<testsuite hostname="Vivek" failures="0" tests="1" name="testCases.TC_008_Returningcustomercheckout" time="14.476" errors="0" timestamp="2024-04-24T12:38:42 EDT" skipped="0">
  <testcase classname="testCases.TC_008_Returningcustomercheckout" name="Returningcustomercheckout" time="14.476"/>
</testsuite> <!-- testCases.TC_008_Returningcustomercheckout -->
