<?xml version="1.0" encoding="UTF-8"?>
<!-- Generated by org.testng.reporters.JUnitReportReporter -->
<testsuite hostname="Vivek" failures="0" tests="1" name="testCases.TC_HMF_006ValidateDeliveryInformationFooterlink" time="0.511" errors="0" timestamp="2024-05-14T18:05:49 EDT" skipped="0">
  <testcase classname="testCases.TC_HMF_006ValidateDeliveryInformationFooterlink" name="ValidateDeliveryInformationFooterlink" time="0.511"/>
</testsuite> <!-- testCases.TC_HMF_006ValidateDeliveryInformationFooterlink -->
