<?xml version="1.0" encoding="UTF-8"?>
<!-- Generated by org.testng.reporters.JUnitReportReporter -->
<testsuite hostname="Vivek" failures="0" tests="1" name="testCases.TC_MA_004myacntfromorderhistorypg" time="5.759" errors="0" timestamp="2024-04-27T01:23:24 EDT" skipped="0">
  <testcase classname="testCases.TC_MA_004myacntfromorderhistorypg" name="myacntfromorderhistorypg" time="5.759"/>
</testsuite> <!-- testCases.TC_MA_004myacntfromorderhistorypg -->
