<?xml version="1.0" encoding="UTF-8"?>
<!-- Generated by org.testng.reporters.JUnitReportReporter -->
<testsuite hostname="Vivek" failures="0" tests="1" name="testCases.TC_OI_001verifyingdetailsinorderinfoPg" time="2.697" errors="0" timestamp="2024-05-01T13:51:13 EDT" skipped="0">
  <testcase classname="testCases.TC_OI_001verifyingdetailsinorderinfoPg" name="verifyingdetailsinorderinfoPg" time="2.697"/>
</testsuite> <!-- testCases.TC_OI_001verifyingdetailsinorderinfoPg -->
