<?xml version="1.0" encoding="UTF-8"?>
<!-- Generated by org.testng.reporters.JUnitReportReporter -->
<testsuite hostname="Vivek" failures="0" tests="1" name="testCases.TC_23_AddingprdcttoWishlist" time="3.950" errors="0" timestamp="2024-01-27T15:35:09 EST" skipped="0">
  <testcase classname="testCases.TC_23_AddingprdcttoWishlist" name="Verify_addprdcttowishlist" time="3.950"/>
</testsuite> <!-- testCases.TC_23_AddingprdcttoWishlist -->
