<?xml version="1.0" encoding="UTF-8"?>
<!-- Generated by org.testng.reporters.JUnitReportReporter -->
<testsuite hostname="Vivek" failures="0" tests="1" name="testCases.TC_NLT_009RegisterNewAcntNOTbyselectingNewssubscription" time="2.600" errors="0" timestamp="2024-05-07T21:37:11 EDT" skipped="0">
  <testcase classname="testCases.TC_NLT_009RegisterNewAcntNOTbyselectingNewssubscription" name="RegisterNewAcntNOTbyselectingNewssubscription" time="2.600"/>
</testsuite> <!-- testCases.TC_NLT_009RegisterNewAcntNOTbyselectingNewssubscription -->
