<?xml version="1.0" encoding="UTF-8"?>
<!-- Generated by org.testng.reporters.JUnitReportReporter -->
<testsuite hostname="Vivek" failures="0" tests="1" name="testCases.TC_OH_004OrderHIsfromSitemapPage" time="2.510" errors="0" timestamp="2024-04-30T22:12:00 EDT" skipped="0">
  <testcase classname="testCases.TC_OH_004OrderHIsfromSitemapPage" name="OrderHIsfromSitemapPage" time="2.510"/>
</testsuite> <!-- testCases.TC_OH_004OrderHIsfromSitemapPage -->
