<?xml version="1.0" encoding="UTF-8"?>
<!-- Generated by org.testng.reporters.JUnitReportReporter -->
<testsuite hostname="Vivek" failures="0" tests="1" name="testCases.TC_SC_022_ValidateShippingNTaxesnotgivingdet" time="12.798" errors="0" timestamp="2024-04-23T14:22:42 EDT" skipped="0">
  <testcase classname="testCases.TC_SC_022_ValidateShippingNTaxesnotgivingdet" name="ValidateShippingNTaxesnotgivingdet" time="12.798"/>
</testsuite> <!-- testCases.TC_SC_022_ValidateShippingNTaxesnotgivingdet -->
