<?xml version="1.0" encoding="UTF-8"?>
<!-- Generated by org.testng.reporters.JUnitReportReporter -->
<testsuite hostname="Vivek" failures="0" tests="1" name="testCases.TC_SC_018ValidateClosingWarningMSG" time="6.314" errors="0" timestamp="2024-04-22T18:33:44 EDT" skipped="0">
  <testcase classname="testCases.TC_SC_018ValidateClosingWarningMSG" name="ValidateClosingWarningMSG" time="6.314"/>
</testsuite> <!-- testCases.TC_SC_018ValidateClosingWarningMSG -->
