<?xml version="1.0" encoding="UTF-8"?>
<!-- Generated by org.testng.reporters.JUnitReportReporter -->
<testsuite hostname="Vivek" failures="0" tests="1" name="testCases.TC_HMF_015AddingproducttocartfromBrandPg" time="3.228" errors="0" timestamp="2024-05-14T22:08:57 EDT" skipped="0">
  <testcase classname="testCases.TC_HMF_015AddingproducttocartfromBrandPg" name="AddingproducttocartfromBrandPg" time="3.228"/>
</testsuite> <!-- testCases.TC_HMF_015AddingproducttocartfromBrandPg -->
