<?xml version="1.0" encoding="UTF-8"?>
<!-- Generated by org.testng.reporters.JUnitReportReporter -->
<testsuite hostname="Vivek" failures="0" tests="1" name="testCases.TC_30_WL_Relatedproductsindsplpage" time="14.553" errors="0" timestamp="2024-01-29T14:04:59 EST" skipped="0">
  <testcase classname="testCases.TC_30_WL_Relatedproductsindsplpage" name="validaterelatedproductsinWL" time="14.553"/>
</testsuite> <!-- testCases.TC_30_WL_Relatedproductsindsplpage -->
