<?xml version="1.0" encoding="UTF-8"?>
<!-- Generated by org.testng.reporters.JUnitReportReporter -->
<testsuite hostname="Vivek" failures="0" tests="1" name="testCases.TC_SPO_010ValidateAddingpdcttoWishlistfromSpecialOffersPg" time="3.759" errors="0" timestamp="2024-05-14T11:15:43 EDT" skipped="0">
  <testcase classname="testCases.TC_SPO_010ValidateAddingpdcttoWishlistfromSpecialOffersPg" name="ValidateAddingpdcttoWishlistfromSpecialOffersPg" time="3.759"/>
</testsuite> <!-- testCases.TC_SPO_010ValidateAddingpdcttoWishlistfromSpecialOffersPg -->
