<?xml version="1.0" encoding="UTF-8"?>
<!-- Generated by org.testng.reporters.JUnitReportReporter -->
<testsuite hostname="Vivek" failures="0" tests="1" name="testCases.TC_HMF_010ValidateProductsinBrandpageinListview" time="1.155" errors="0" timestamp="2024-05-14T19:43:45 EDT" skipped="0">
  <testcase classname="testCases.TC_HMF_010ValidateProductsinBrandpageinListview" name="ValidateProductsinBrandpageinListview" time="1.155"/>
</testsuite> <!-- testCases.TC_HMF_010ValidateProductsinBrandpageinListview -->
