<?xml version="1.0" encoding="UTF-8"?>
<!-- Generated by org.testng.reporters.JUnitReportReporter -->
<testsuite hostname="Vivek" failures="0" tests="1" name="testCases.TC_35_WL_AccessWLfromFooter" time="9.169" errors="0" timestamp="2024-02-01T10:48:17 EST" skipped="0">
  <testcase classname="testCases.TC_35_WL_AccessWLfromFooter" name="accessWLfromfooter" time="9.169"/>
</testsuite> <!-- testCases.TC_35_WL_AccessWLfromFooter -->
