<?xml version="1.0" encoding="UTF-8"?>
<!-- Generated by org.testng.reporters.JUnitReportReporter -->
<testsuite hostname="Vivek" failures="0" tests="1" name="testCases.TC_AB_002AddressbookentryfromRIGHTcolumn" time="1.997" errors="0" timestamp="2024-04-28T14:37:38 EDT" skipped="0">
  <testcase classname="testCases.TC_AB_002AddressbookentryfromRIGHTcolumn" name="AddressbookentryfromRIGHTcolumn" time="1.997"/>
</testsuite> <!-- testCases.TC_AB_002AddressbookentryfromRIGHTcolumn -->
