<?xml version="1.0" encoding="UTF-8"?>
<!-- Generated by org.testng.reporters.JUnitReportReporter -->
<testsuite hostname="Vivek" failures="0" tests="1" name="testCases.TC_TS_003YourtransactionsPgusingRigthcolumn" time="2.584" errors="0" timestamp="2024-05-06T09:37:09 EDT" skipped="0">
  <testcase classname="testCases.TC_TS_003YourtransactionsPgusingRigthcolumn" name="YourtransactionsPgusingRigthcolumn" time="2.584"/>
</testsuite> <!-- testCases.TC_TS_003YourtransactionsPgusingRigthcolumn -->
