<?xml version="1.0" encoding="UTF-8"?>
<!-- Generated by org.testng.reporters.JUnitReportReporter -->
<testsuite hostname="Vivek" failures="0" tests="1" name="testCases.TC_CO_002checkoutinShoppingcartPage" time="3.323" errors="0" timestamp="2024-04-24T12:11:26 EDT" skipped="0">
  <testcase classname="testCases.TC_CO_002checkoutinShoppingcartPage" name="checkoutinShoppingcartPage" time="3.323"/>
</testsuite> <!-- testCases.TC_CO_002checkoutinShoppingcartPage -->
