<?xml version="1.0" encoding="UTF-8"?>
<!-- Generated by org.testng.reporters.JUnitReportReporter -->
<testsuite hostname="Vivek" failures="0" tests="1" name="testCases.TC_RP_002RewardpointsfromRightclmopt" time="2.211" errors="0" timestamp="2024-05-05T16:13:28 EDT" skipped="0">
  <testcase classname="testCases.TC_RP_002RewardpointsfromRightclmopt" name="RewardpointsfromRightclmopt" time="2.211"/>
</testsuite> <!-- testCases.TC_RP_002RewardpointsfromRightclmopt -->
