<?xml version="1.0" encoding="UTF-8"?>
<!-- Generated by org.testng.reporters.JUnitReportReporter -->
<testsuite hostname="Vivek" failures="0" tests="1" name="testCases.TC_SC_011_ValidatePgTitleURLnheading" time="6.750" errors="0" timestamp="2024-04-22T08:35:03 EDT" skipped="0">
  <testcase classname="testCases.TC_SC_011_ValidatePgTitleURLnheading" name="verify_ValidatePgTitleURLnheading" time="6.750"/>
</testsuite> <!-- testCases.TC_SC_011_ValidatePgTitleURLnheading -->
