<?xml version="1.0" encoding="UTF-8"?>
<!-- Generated by org.testng.reporters.JUnitReportReporter -->
<testsuite hostname="Vivek" failures="0" tests="1" name="testCases.TC_OH_007ContinuebtnInOrderHist" time="2.300" errors="0" timestamp="2024-04-30T22:37:57 EDT" skipped="0">
  <testcase classname="testCases.TC_OH_007ContinuebtnInOrderHist" name="ContinuebtnInOrderHist" time="2.300"/>
</testsuite> <!-- testCases.TC_OH_007ContinuebtnInOrderHist -->
