<?xml version="1.0" encoding="UTF-8"?>
<!-- Generated by org.testng.reporters.JUnitReportReporter -->
<testsuite hostname="Vivek" failures="0" tests="1" name="testCases.TC_OI_004ContinueBtninOrderInfopage" time="3.125" errors="0" timestamp="2024-05-01T15:18:52 EDT" skipped="0">
  <testcase classname="testCases.TC_OI_004ContinueBtninOrderInfopage" name="ContinueBtninOrderInfopage" time="3.125"/>
</testsuite> <!-- testCases.TC_OI_004ContinueBtninOrderInfopage -->
