<?xml version="1.0" encoding="UTF-8"?>
<!-- Generated by org.testng.reporters.JUnitReportReporter -->
<testsuite hostname="Vivek" failures="0" tests="1" name="testCases.TC_NLT_008RegAcntwithNewletterYESsubscription" time="2.589" errors="0" timestamp="2024-05-07T21:29:46 EDT" skipped="0">
  <testcase classname="testCases.TC_NLT_008RegAcntwithNewletterYESsubscription" name="RegAcntwithNewletterYESsubscription" time="2.589"/>
</testsuite> <!-- testCases.TC_NLT_008RegAcntwithNewletterYESsubscription -->
