<?xml version="1.0" encoding="UTF-8"?>
<!-- Generated by org.testng.reporters.JUnitReportReporter -->
<testsuite hostname="Vivek" failures="0" tests="6" name="testCases.TC_018_Validatingnegativeqty" time="60.222" errors="0" timestamp="2024-02-05T19:02:43 EST" skipped="0">
  <testcase classname="testCases.TC_018_Validatingnegativeqty" name="Verify_Validatingnegativeqty" time="9.899"/>
  <testcase classname="testCases.TC_018_Validatingnegativeqty" name="Verify_Validatingnegativeqty" time="10.345"/>
  <testcase classname="testCases.TC_018_Validatingnegativeqty" name="Verify_Validatingnegativeqty" time="9.689"/>
  <testcase classname="testCases.TC_018_Validatingnegativeqty" name="Verify_Validatingnegativeqty" time="9.892"/>
  <testcase classname="testCases.TC_018_Validatingnegativeqty" name="Verify_Validatingnegativeqty" time="10.485"/>
  <testcase classname="testCases.TC_018_Validatingnegativeqty" name="Verify_Validatingnegativeqty" time="9.912"/>
</testsuite> <!-- testCases.TC_018_Validatingnegativeqty -->
