<?xml version="1.0" encoding="UTF-8"?>
<!-- Generated by org.testng.reporters.JUnitReportReporter -->
<testsuite hostname="Vivek" failures="0" tests="1" name="testCases.TC_CO_016validateguestcheckout" time="18.777" errors="0" timestamp="2024-04-27T00:12:17 EDT" skipped="0">
  <testcase classname="testCases.TC_CO_016validateguestcheckout" name="validateguestcheckout" time="18.777"/>
</testsuite> <!-- testCases.TC_CO_016validateguestcheckout -->
