<?xml version="1.0" encoding="UTF-8"?>
<!-- Generated by org.testng.reporters.JUnitReportReporter -->
<testsuite hostname="Vivek" failures="0" tests="4" name="testCases.TC_009_Testcontactnumber" time="27.857" errors="0" timestamp="2024-01-25T22:10:01 EST" skipped="0">
  <testcase classname="testCases.TC_009_Testcontactnumber" name="Verify_Testcontactnumber" time="6.783"/>
  <testcase classname="testCases.TC_009_Testcontactnumber" name="Verify_Testcontactnumber" time="7.513"/>
  <testcase classname="testCases.TC_009_Testcontactnumber" name="Verify_Testcontactnumber" time="6.776"/>
  <testcase classname="testCases.TC_009_Testcontactnumber" name="Verify_Testcontactnumber" time="6.785"/>
</testsuite> <!-- testCases.TC_009_Testcontactnumber -->
