<?xml version="1.0" encoding="UTF-8"?>
<!-- Generated by org.testng.reporters.JUnitReportReporter -->
<testsuite hostname="Vivek" failures="0" tests="1" name="testCases.TC_HMF_004ValidatingMenuOptions" time="10.929" errors="0" timestamp="2024-05-14T17:51:09 EDT" skipped="0">
  <testcase classname="testCases.TC_HMF_004ValidatingMenuOptions" name="ValidatingCurrencyHeaderOption" time="10.929"/>
</testsuite> <!-- testCases.TC_HMF_004ValidatingMenuOptions -->
