<?xml version="1.0" encoding="UTF-8"?>
<!-- Generated by org.testng.reporters.JUnitReportReporter -->
<testsuite hostname="Vivek" failures="0" tests="1" name="testCases.TC_AB_004AddressbookentriedfromRightclmwithoutLogin" time="2.931" errors="0" timestamp="2024-04-28T18:15:04 EDT" skipped="0">
  <testcase classname="testCases.TC_AB_004AddressbookentriedfromRightclmwithoutLogin" name="AddressbookentriedfromRightclmwithoutLogin" time="2.931"/>
</testsuite> <!-- testCases.TC_AB_004AddressbookentriedfromRightclmwithoutLogin -->
