<?xml version="1.0" encoding="UTF-8"?>
<!-- Generated by org.testng.reporters.JUnitReportReporter -->
<testsuite hostname="Vivek" failures="0" tests="1" name="testCases.TC_34_AccessWLfromRightcolumn" time="24.726" errors="0" timestamp="2024-02-01T09:12:06 EST" skipped="0">
  <testcase classname="testCases.TC_34_AccessWLfromRightcolumn" name="AccessWLtabfromrightsidetab" time="24.726"/>
</testsuite> <!-- testCases.TC_34_AccessWLfromRightcolumn -->
