<?xml version="1.0" encoding="UTF-8"?>
<!-- Generated by org.testng.reporters.JUnitReportReporter -->
<testsuite hostname="Vivek" failures="0" tests="1" name="testCases.TC_21_ValidatingZeroreviews" time="9.035" errors="0" timestamp="2024-01-26T21:54:03 EST" skipped="0">
  <testcase classname="testCases.TC_21_ValidatingZeroreviews" name="Verify_validatezeroreviews" time="9.035"/>
</testsuite> <!-- testCases.TC_21_ValidatingZeroreviews -->
