<?xml version="1.0" encoding="UTF-8"?>
<!-- Generated by org.testng.reporters.JUnitReportReporter -->
<testsuite hostname="Vivek" failures="0" tests="1" name="testCases.TC_OH_003OrderHisfromADDbkRightcolumn" time="1.989" errors="0" timestamp="2024-04-30T22:08:53 EDT" skipped="0">
  <testcase classname="testCases.TC_OH_003OrderHisfromADDbkRightcolumn" name="OrderHisfromADDbkRightcolumn" time="1.989"/>
</testsuite> <!-- testCases.TC_OH_003OrderHisfromADDbkRightcolumn -->
