<?xml version="1.0" encoding="UTF-8"?>
<!-- Generated by org.testng.reporters.JUnitReportReporter -->
<testsuite hostname="Vivek" failures="0" tests="1" name="testCases.TC_HMF_012ValidateProductcomparelinkinBrandpG" time="2.851" errors="0" timestamp="2024-05-14T21:46:27 EDT" skipped="0">
  <testcase classname="testCases.TC_HMF_012ValidateProductcomparelinkinBrandpG" name="ValidateProductcomparelinkinBrandpG" time="2.851"/>
</testsuite> <!-- testCases.TC_HMF_012ValidateProductcomparelinkinBrandpG -->
