<?xml version="1.0" encoding="UTF-8"?>
<!-- Generated by org.testng.reporters.JUnitReportReporter -->
<testsuite hostname="Vivek" failures="0" tests="1" name="testCases.TC_HMF_008ValidateTermsnConditionsFooterlink" time="0.542" errors="0" timestamp="2024-05-14T19:01:07 EDT" skipped="0">
  <testcase classname="testCases.TC_HMF_008ValidateTermsnConditionsFooterlink" name="ValidateTermsnConditionsFooterlink" time="0.542"/>
</testsuite> <!-- testCases.TC_HMF_008ValidateTermsnConditionsFooterlink -->
