<?xml version="1.0" encoding="UTF-8"?>
<!-- Generated by org.testng.reporters.JUnitReportReporter -->
<testsuite hostname="Vivek" failures="0" tests="1" name="testCases.TC_SPO_008ValidatingShowFieldOption" time="3.592" errors="0" timestamp="2024-05-11T16:54:31 EDT" skipped="0">
  <testcase classname="testCases.TC_SPO_008ValidatingShowFieldOption" name="ValidatingShowFieldOption" time="3.592"/>
</testsuite> <!-- testCases.TC_SPO_008ValidatingShowFieldOption -->
