<?xml version="1.0" encoding="UTF-8"?>
<!-- Generated by org.testng.reporters.JUnitReportReporter -->
<testsuite hostname="Vivek" failures="0" tests="1" name="testCases.TC_SC_005ViewcartoptinshopcartTogglebox" time="13.345" errors="0" timestamp="2024-02-05T10:54:28 EST" skipped="0">
  <testcase classname="testCases.TC_SC_005ViewcartoptinshopcartTogglebox" name="verify_viewcartinToggleshopcart" time="13.345"/>
</testsuite> <!-- testCases.TC_SC_005ViewcartoptinshopcartTogglebox -->
