<?xml version="1.0" encoding="UTF-8"?>
<!-- Generated by org.testng.reporters.JUnitReportReporter -->
<testsuite hostname="Vivek" failures="0" tests="1" name="testCases.TC_HMF_013ValidatingsortingproductsinBrandsPg" time="2.962" errors="0" timestamp="2024-05-14T21:55:58 EDT" skipped="0">
  <testcase classname="testCases.TC_HMF_013ValidatingsortingproductsinBrandsPg" name="ValidatingsortingproductsinBrandsPg" time="2.962"/>
</testsuite> <!-- testCases.TC_HMF_013ValidatingsortingproductsinBrandsPg -->
