<?xml version="1.0" encoding="UTF-8"?>
<!-- Generated by org.testng.reporters.JUnitReportReporter -->
<testsuite hostname="Vivek" failures="0" tests="1" name="testCases.TC_011_Threeproductscomparisontest" time="12.573" errors="0" timestamp="2024-01-16T20:47:38 EST" skipped="0">
  <testcase classname="testCases.TC_011_Threeproductscomparisontest" name="verify_Threeproductscomparisontest" time="12.573"/>
</testsuite> <!-- testCases.TC_011_Threeproductscomparisontest -->
