<?xml version="1.0" encoding="UTF-8"?>
<!-- Generated by org.testng.reporters.JUnitReportReporter -->
<testsuite hostname="Vivek" failures="0" tests="6" name="testCases.TC_003_LoginDDT" time="42.561" errors="0" timestamp="2023-12-04T23:48:28 EST" skipped="0">
  <testcase classname="testCases.TC_003_LoginDDT" name="verify_loginDDT" time="2.871"/>
  <testcase classname="testCases.TC_003_LoginDDT" name="verify_loginDDT" time="11.296"/>
  <testcase classname="testCases.TC_003_LoginDDT" name="verify_loginDDT" time="2.278"/>
  <testcase classname="testCases.TC_003_LoginDDT" name="verify_loginDDT" time="11.836"/>
  <testcase classname="testCases.TC_003_LoginDDT" name="verify_loginDDT" time="11.474"/>
  <testcase classname="testCases.TC_003_LoginDDT" name="verify_loginDDT" time="2.806"/>
</testsuite> <!-- testCases.TC_003_LoginDDT -->
