<?xml version="1.0" encoding="UTF-8"?>
<!-- Generated by org.testng.reporters.JUnitReportReporter -->
<testsuite hostname="Vivek" failures="0" tests="1" name="testCases.TC_SC_002AccessShoppingcartfromheaderopt" time="9.420" errors="0" timestamp="2024-02-04T22:29:37 EST" skipped="0">
  <testcase classname="testCases.TC_SC_002AccessShoppingcartfromheaderopt" name="verify_acessheadershoppingcart" time="9.420"/>
</testsuite> <!-- testCases.TC_SC_002AccessShoppingcartfromheaderopt -->
