<?xml version="1.0" encoding="UTF-8"?>
<!-- Generated by org.testng.reporters.JUnitReportReporter -->
<testsuite hostname="Vivek" failures="0" tests="1" name="testCases.TC_CU_001ValidContactUspagefromHeaderOpt" time="0.497" errors="0" timestamp="2024-05-08T09:01:09 EDT" skipped="0">
  <testcase classname="testCases.TC_CU_001ValidContactUspagefromHeaderOpt" name="ValidContactUspagefromHeaderOpt" time="0.497"/>
</testsuite> <!-- testCases.TC_CU_001ValidContactUspagefromHeaderOpt -->
