<?xml version="1.0" encoding="UTF-8"?>
<!-- Generated by org.testng.reporters.JUnitReportReporter -->
<testsuite hostname="Vivek" failures="0" tests="1" name="testCases.TC_006_AddingproductToCart" time="11.738" errors="0" timestamp="2024-01-16T20:43:25 EST" skipped="0">
  <testcase classname="testCases.TC_006_AddingproductToCart" name="Verify_addingproduct_tocart" time="11.738"/>
</testsuite> <!-- testCases.TC_006_AddingproductToCart -->
