<?xml version="1.0" encoding="UTF-8"?>
<!-- Generated by org.testng.reporters.JUnitReportReporter -->
<testsuite hostname="Vivek" failures="0" tests="1" name="testCases.TC_OI_002ValidatingREORDERiconinOrderinfoPg" time="3.762" errors="0" timestamp="2024-05-01T14:53:29 EDT" skipped="0">
  <testcase classname="testCases.TC_OI_002ValidatingREORDERiconinOrderinfoPg" name="ValidatingREORDERiconinOrderinfoPg" time="3.762"/>
</testsuite> <!-- testCases.TC_OI_002ValidatingREORDERiconinOrderinfoPg -->
