<?xml version="1.0" encoding="UTF-8"?>
<!-- Generated by org.testng.reporters.JUnitReportReporter -->
<testsuite hostname="Vivek" failures="0" tests="1" name="testCases.TC_OH_001OrderHistoryPgfromMyacntPg" time="1.992" errors="0" timestamp="2024-04-30T21:56:59 EDT" skipped="0">
  <testcase classname="testCases.TC_OH_001OrderHistoryPgfromMyacntPg" name="OrderHistoryPgfromMyacntPg" time="1.992"/>
</testsuite> <!-- testCases.TC_OH_001OrderHistoryPgfromMyacntPg -->
