<?xml version="1.0" encoding="UTF-8"?>
<!-- Generated by org.testng.reporters.JUnitReportReporter -->
<testsuite hostname="Vivek" failures="0" tests="1" name="testCases.TC_010_ProductComparisonTestTest" time="9.193" errors="0" timestamp="2024-01-16T20:45:25 EST" skipped="0">
  <testcase classname="testCases.TC_010_ProductComparisonTestTest" name="Verify_ProductComparison" time="9.193"/>
</testsuite> <!-- testCases.TC_010_ProductComparisonTestTest -->
