<?xml version="1.0" encoding="UTF-8"?>
<!-- Generated by org.testng.reporters.JUnitReportReporter -->
<testsuite hostname="Vivek" failures="0" tests="1" name="testCases.TC_24_ProductimageinWishListpage" time="10.666" errors="0" timestamp="2024-01-27T08:13:04 EST" skipped="0">
  <testcase classname="testCases.TC_24_ProductimageinWishListpage" name="verify_productimginwishlist" time="10.666"/>
</testsuite> <!-- testCases.TC_24_ProductimageinWishListpage -->
