<?xml version="1.0" encoding="UTF-8"?>
<!-- Generated by org.testng.reporters.JUnitReportReporter -->
<testsuite hostname="Vivek" failures="0" tests="1" name="testCases.TC_DL_005AcntDnldsFromRightclmbeforelogin" time="2.592" errors="0" timestamp="2024-05-03T19:36:25 EDT" skipped="0">
  <testcase classname="testCases.TC_DL_005AcntDnldsFromRightclmbeforelogin" name="AcntDnldsFromRightclmbeforelogin" time="2.592"/>
</testsuite> <!-- testCases.TC_DL_005AcntDnldsFromRightclmbeforelogin -->
