<?xml version="1.0" encoding="UTF-8"?>
<!-- Generated by org.testng.reporters.JUnitReportReporter -->
<testsuite hostname="Vivek" failures="0" tests="1" name="testCases.TC_CU_002ContactUsfromFooterOption" time="0.432" errors="0" timestamp="2024-05-08T09:04:00 EDT" skipped="0">
  <testcase classname="testCases.TC_CU_002ContactUsfromFooterOption" name="ContactUsfromFooterOption" time="0.432"/>
</testsuite> <!-- testCases.TC_CU_002ContactUsfromFooterOption -->
