<?xml version="1.0" encoding="UTF-8"?>
<!-- Generated by org.testng.reporters.JUnitReportReporter -->
<testsuite hostname="Vivek" failures="0" tests="1" name="testCases.TC_DL_007ValidateCntBtninAcntdwnldsPg" time="2.829" errors="0" timestamp="2024-05-03T19:48:28 EDT" skipped="0">
  <testcase classname="testCases.TC_DL_007ValidateCntBtninAcntdwnldsPg" name="ValidateCntBtninAcntdwnldsPg" time="2.829"/>
</testsuite> <!-- testCases.TC_DL_007ValidateCntBtninAcntdwnldsPg -->
