<?xml version="1.0" encoding="UTF-8"?>
<!-- Generated by org.testng.reporters.JUnitReportReporter -->
<testsuite hostname="Vivek" failures="0" tests="1" name="testCases.TC_HMF_014NumberofProductsdisplayedinSHOWfield" time="2.934" errors="0" timestamp="2024-05-14T22:00:03 EDT" skipped="0">
  <testcase classname="testCases.TC_HMF_014NumberofProductsdisplayedinSHOWfield" name="NumberofProductsdisplayedinSHOWfield" time="2.934"/>
</testsuite> <!-- testCases.TC_HMF_014NumberofProductsdisplayedinSHOWfield -->
