<?xml version="1.0" encoding="UTF-8"?>
<!-- Generated by org.testng.reporters.JUnitReportReporter -->
<testsuite hostname="Vivek" failures="0" tests="1" name="testCases.TC_RS_006VerifyingProductsReturnTable" time="2.178" errors="0" timestamp="2024-05-05T17:08:00 EDT" skipped="0">
  <testcase classname="testCases.TC_RS_006VerifyingProductsReturnTable" name="VerifyingProductsReturnTable" time="2.178"/>
</testsuite> <!-- testCases.TC_RS_006VerifyingProductsReturnTable -->
