<?xml version="1.0" encoding="UTF-8"?>
<!-- Generated by org.testng.reporters.JUnitReportReporter -->
<testsuite hostname="Vivek" failures="0" tests="1" name="testCases.TC_012_ProductThumbnailtest" time="39.568" errors="0" timestamp="2024-01-16T20:46:34 EST" skipped="0">
  <testcase classname="testCases.TC_012_ProductThumbnailtest" name="Verify_ProctThumbnailtest" time="39.568"/>
</testsuite> <!-- testCases.TC_012_ProductThumbnailtest -->
