<?xml version="1.0" encoding="UTF-8"?>
<!-- Generated by org.testng.reporters.JUnitReportReporter -->
<testsuite hostname="Vivek" failures="0" tests="1" name="testCases.TC_SC_006CheckingweightofProduct" time="10.345" errors="0" timestamp="2024-02-05T11:17:45 EST" skipped="0">
  <testcase classname="testCases.TC_SC_006CheckingweightofProduct" name="checkingweightofthproduct" time="10.345"/>
</testsuite> <!-- testCases.TC_SC_006CheckingweightofProduct -->
