<?xml version="1.0" encoding="UTF-8"?>
<!-- Generated by org.testng.reporters.JUnitReportReporter -->
<testsuite hostname="Vivek" failures="0" tests="1" name="testCases.TC_SC_026ValidateGiftCertificatefunctionwithinvaliddata" time="6.588" errors="0" timestamp="2024-04-23T22:56:55 EDT" skipped="0">
  <testcase classname="testCases.TC_SC_026ValidateGiftCertificatefunctionwithinvaliddata" name="ValidateGiftCertificatefunctionwithinvaliddata" time="6.588"/>
</testsuite> <!-- testCases.TC_SC_026ValidateGiftCertificatefunctionwithinvaliddata -->
