<?xml version="1.0" encoding="UTF-8"?>
<!-- Generated by org.testng.reporters.JUnitReportReporter -->
<testsuite hostname="Vivek" failures="0" tests="1" name="testCases.TC_RCP_002RecurringpymntfromRightcolumn" time="2.359" errors="0" timestamp="2024-05-06T10:49:11 EDT" skipped="0">
  <testcase classname="testCases.TC_RCP_002RecurringpymntfromRightcolumn" name="RecurringpymntfromRightcolumn" time="2.359"/>
</testsuite> <!-- testCases.TC_RCP_002RecurringpymntfromRightcolumn -->
