<?xml version="1.0" encoding="UTF-8"?>
<!-- Generated by org.testng.reporters.JUnitReportReporter -->
<testsuite hostname="Vivek" failures="0" tests="1" name="testCases.TC_HMF_011ValidatingProductsinBrandpageinGRIDview" time="4.058" errors="0" timestamp="2024-05-14T21:34:29 EDT" skipped="0">
  <testcase classname="testCases.TC_HMF_011ValidatingProductsinBrandpageinGRIDview" name="ValidatingProductsinBrandpageinGRIDview" time="4.058"/>
</testsuite> <!-- testCases.TC_HMF_011ValidatingProductsinBrandpageinGRIDview -->
