<?xml version="1.0" encoding="UTF-8"?>
<!-- Generated by org.testng.reporters.JUnitReportReporter -->
<testsuite hostname="Vivek" failures="0" tests="1" name="testCases.TC_SC_008Updatingquantityofprdctinshopcart" time="24.170" errors="0" timestamp="2024-04-11T16:16:09 EDT" skipped="0">
  <testcase classname="testCases.TC_SC_008Updatingquantityofprdctinshopcart" name="verify_updatingthequanityinshoppingcart" time="24.170"/>
</testsuite> <!-- testCases.TC_SC_008Updatingquantityofprdctinshopcart -->
