<?xml version="1.0" encoding="UTF-8"?>
<!-- Generated by org.testng.reporters.JUnitReportReporter -->
<testsuite hostname="Vivek" failures="0" tests="1" name="testCases.TC_007_GuestCheckoutInfotest" time="18.867" errors="0" timestamp="2024-01-16T20:44:23 EST" skipped="0">
  <testcase classname="testCases.TC_007_GuestCheckoutInfotest" name="Verify_CheckoutInfo" time="18.867"/>
</testsuite> <!-- testCases.TC_007_GuestCheckoutInfotest -->
