<?xml version="1.0" encoding="UTF-8"?>
<!-- Generated by org.testng.reporters.JUnitReportReporter -->
<testsuite hostname="Vivek" failures="0" tests="1" name="testCases.TC_MA_001Myacntfromordersuccesspg" time="13.419" errors="0" timestamp="2024-04-27T00:49:50 EDT" skipped="0">
  <testcase classname="testCases.TC_MA_001Myacntfromordersuccesspg" name="Myacntfromordersuccesspg" time="13.419"/>
</testsuite> <!-- testCases.TC_MA_001Myacntfromordersuccesspg -->
