<?xml version="1.0" encoding="UTF-8"?>
<!-- Generated by org.testng.reporters.JUnitReportReporter -->
<testsuite hostname="Vivek" failures="0" tests="1" name="testCases.TC_LF_006CheckingForgetPasswordlinkavailability" time="1.044" errors="0" timestamp="2024-05-15T16:39:30 EDT" skipped="0">
  <testcase classname="testCases.TC_LF_006CheckingForgetPasswordlinkavailability" name="CheckingForgetPasswordlinkavailability" time="1.044"/>
</testsuite> <!-- testCases.TC_LF_006CheckingForgetPasswordlinkavailability -->
