<?xml version="1.0" encoding="UTF-8"?>
<!-- Generated by org.testng.reporters.JUnitReportReporter -->
<testsuite hostname="Vivek" failures="0" tests="1" name="testCases.TC_35_WL_AccessWLfromFooter" time="8.882" errors="0" timestamp="2024-03-24T16:05:29 EDT" skipped="0">
  <testcase classname="testCases.TC_35_WL_AccessWLfromFooter" name="accessWLfromfooter" time="8.882"/>
</testsuite> <!-- testCases.TC_35_WL_AccessWLfromFooter -->
