<?xml version="1.0" encoding="UTF-8"?>
<!-- Generated by org.testng.reporters.JUnitReportReporter -->
<testsuite hostname="Vivek" failures="0" tests="1" name="testCases.TC_SPO_012ValidateUserisnavigatingtoProductDisplayPagefromSpecialOfferspage" time="5.365" errors="0" timestamp="2024-05-14T12:29:13 EDT" skipped="0">
  <testcase classname="testCases.TC_SPO_012ValidateUserisnavigatingtoProductDisplayPagefromSpecialOfferspage" name="ValidateUserisnavigatingtoProductDisplayPagefromSpecialOfferspage" time="5.365"/>
</testsuite> <!-- testCases.TC_SPO_012ValidateUserisnavigatingtoProductDisplayPagefromSpecialOfferspage -->
