<?xml version="1.0" encoding="UTF-8"?>
<!-- Generated by org.testng.reporters.JUnitReportReporter -->
<testsuite hostname="Vivek" failures="0" tests="1" name="testCases.TC_39_WL_addingduplicateprdcttoWL" time="19.617" errors="0" timestamp="2024-02-01T23:30:48 EST" skipped="0">
  <testcase classname="testCases.TC_39_WL_addingduplicateprdcttoWL" name="addingsameprdctmultipletimestoWL" time="19.617"/>
</testsuite> <!-- testCases.TC_39_WL_addingduplicateprdcttoWL -->
