<?xml version="1.0" encoding="UTF-8"?>
<!-- Generated by org.testng.reporters.JUnitReportReporter -->
<testsuite hostname="Vivek" failures="0" tests="1" name="testCases.TC_25_Productnamelinkinwishlistpage" time="13.872" errors="0" timestamp="2024-01-27T08:32:20 EST" skipped="0">
  <testcase classname="testCases.TC_25_Productnamelinkinwishlistpage" name="verify_productnameinwishlist" time="13.872"/>
</testsuite> <!-- testCases.TC_25_Productnamelinkinwishlistpage -->
