<?xml version="1.0" encoding="UTF-8"?>
<!-- Generated by org.testng.reporters.JUnitReportReporter -->
<testsuite hostname="Vivek" failures="0" tests="1" name="testCases.TC_PR_005ValidatingBACKbtnonProductReturnPage" time="4.138" errors="0" timestamp="2024-05-01T17:12:37 EDT" skipped="0">
  <testcase classname="testCases.TC_PR_005ValidatingBACKbtnonProductReturnPage" name="ValidatingBACKbtnonProductReturnPage" time="4.138"/>
</testsuite> <!-- testCases.TC_PR_005ValidatingBACKbtnonProductReturnPage -->
