<?xml version="1.0" encoding="UTF-8"?>
<!-- Generated by org.testng.reporters.JUnitReportReporter -->
<testsuite hostname="Vivek" failures="0" tests="1" name="testCases.TC_007_CheckoutInfotest" time="17.834" errors="0" timestamp="2023-12-26T11:53:31 EST" skipped="0">
  <testcase classname="testCases.TC_007_CheckoutInfotest" name="Verify_CheckoutInfo" time="17.834"/>
</testsuite> <!-- testCases.TC_007_CheckoutInfotest -->
