<?xml version="1.0" encoding="UTF-8"?>
<!-- Generated by org.testng.reporters.JUnitReportReporter -->
<testsuite hostname="Vivek" failures="0" tests="1" name="testCases.TC_AB_007UpdatingADDRESSinaddentityPg" time="7.241" errors="0" timestamp="2024-04-29T19:40:13 EDT" skipped="0">
  <testcase classname="testCases.TC_AB_007UpdatingADDRESSinaddentityPg" name="UpdatingADDRESSinaddentityPg" time="7.241"/>
</testsuite> <!-- testCases.TC_AB_007UpdatingADDRESSinaddentityPg -->
