<?xml version="1.0" encoding="UTF-8"?>
<!-- Generated by org.testng.reporters.JUnitReportReporter -->
<testsuite hostname="Vivek" failures="0" tests="1" name="testCases.TC_OH_002OrderHistoryPgfromMyacntdrpdown" time="1.971" errors="0" timestamp="2024-04-30T22:05:26 EDT" skipped="0">
  <testcase classname="testCases.TC_OH_002OrderHistoryPgfromMyacntdrpdown" name="OrderHistoryPgfromMyacntdrpdown" time="1.971"/>
</testsuite> <!-- testCases.TC_OH_002OrderHistoryPgfromMyacntdrpdown -->
