<?xml version="1.0" encoding="UTF-8"?>
<!-- Generated by org.testng.reporters.JUnitReportReporter -->
<testsuite hostname="Vivek" failures="0" tests="1" name="testCases.TC_AB_005ValidatingDefaultAddressinAddbookentries" time="2.015" errors="0" timestamp="2024-04-29T18:55:02 EDT" skipped="0">
  <testcase classname="testCases.TC_AB_005ValidatingDefaultAddressinAddbookentries" name="ValidatingDefaultAddressinAddbookentries" time="2.015"/>
</testsuite> <!-- testCases.TC_AB_005ValidatingDefaultAddressinAddbookentries -->
