<?xml version="1.0" encoding="UTF-8"?>
<!-- Generated by org.testng.reporters.JUnitReportReporter -->
<testsuite hostname="Vivek" failures="0" tests="1" name="testCases.TC_LF_005Validatingloginwithoutprodivingcredntials" time="1.386" errors="0" timestamp="2024-05-15T09:15:58 EDT" skipped="0">
  <testcase classname="testCases.TC_LF_005Validatingloginwithoutprodivingcredntials" name="verify_login" time="1.386"/>
</testsuite> <!-- testCases.TC_LF_005Validatingloginwithoutprodivingcredntials -->
