<?xml version="1.0" encoding="UTF-8"?>
<!-- Generated by org.testng.reporters.JUnitReportReporter -->
<testsuite hostname="Vivek" failures="0" tests="1" name="testCases.TC_27_ProductImageinCartbtn" time="16.571" errors="0" timestamp="2024-01-27T09:42:17 EST" skipped="0">
  <testcase classname="testCases.TC_27_ProductImageinCartbtn" name="verify_productimgincart" time="16.571"/>
</testsuite> <!-- testCases.TC_27_ProductImageinCartbtn -->
