<?xml version="1.0" encoding="UTF-8"?>
<!-- Generated by org.testng.reporters.JUnitReportReporter -->
<testsuite hostname="Vivek" failures="0" tests="1" name="testCases.TC_NLT_002NewslettersubsfromRIGHTcolmn" time="2.367" errors="0" timestamp="2024-05-07T17:51:57 EDT" skipped="0">
  <testcase classname="testCases.TC_NLT_002NewslettersubsfromRIGHTcolmn" name="NewslettersubsfromRIGHTcolmn" time="2.367"/>
</testsuite> <!-- testCases.TC_NLT_002NewslettersubsfromRIGHTcolmn -->
