<?xml version="1.0" encoding="UTF-8"?>
<!-- Generated by org.testng.reporters.JUnitReportReporter -->
<testsuite hostname="Vivek" failures="0" tests="1" name="testCases.TC_LG_002LogoutfromRightColumnoption" time="2.457" errors="0" timestamp="2024-05-15T17:58:20 EDT" skipped="0">
  <testcase classname="testCases.TC_LG_002LogoutfromRightColumnoption" name="LogoutfromRightColumnoption" time="2.457"/>
</testsuite> <!-- testCases.TC_LG_002LogoutfromRightColumnoption -->
