<?xml version="1.0" encoding="UTF-8"?>
<!-- Generated by org.testng.reporters.JUnitReportReporter -->
<testsuite hostname="Vivek" failures="0" tests="1" name="testCases.TC_SC_014_Validatinginvalidcouponcode" time="8.251" errors="0" timestamp="2024-04-22T09:00:48 EDT" skipped="0">
  <testcase classname="testCases.TC_SC_014_Validatinginvalidcouponcode" name="Validatinginvalidcouponcode" time="8.251"/>
</testsuite> <!-- testCases.TC_SC_014_Validatinginvalidcouponcode -->
