<?xml version="1.0" encoding="UTF-8"?>
<!-- Generated by org.testng.reporters.JUnitReportReporter -->
<testsuite hostname="Vivek" failures="0" tests="1" name="testCases.TC_PR_006ValidateEMailfieldProducReturn" time="3.997" errors="0" timestamp="2024-05-01T18:06:56 EDT" skipped="0">
  <testcase classname="testCases.TC_PR_006ValidateEMailfieldProducReturn" name="ValidateEMailfieldProducReturn" time="3.997"/>
</testsuite> <!-- testCases.TC_PR_006ValidateEMailfieldProducReturn -->
