<?xml version="1.0" encoding="UTF-8"?>
<!-- Generated by org.testng.reporters.JUnitReportReporter -->
<testsuite hostname="Vivek" failures="0" tests="1" name="testCases.TC_MAI_001EditurAcntinfofromMyacnt" time="3.309" errors="0" timestamp="2024-04-27T09:44:54 EDT" skipped="0">
  <testcase classname="testCases.TC_MAI_001EditurAcntinfofromMyacnt" name="EditurAcntinfofromMyacnt" time="3.309"/>
</testsuite> <!-- testCases.TC_MAI_001EditurAcntinfofromMyacnt -->
