<?xml version="1.0" encoding="UTF-8"?>
<!-- Generated by org.testng.reporters.JUnitReportReporter -->
<testsuite hostname="Vivek" failures="0" tests="1" name="testCases.TC_26_Relatedprctsinproductdisplaypg" time="10.967" errors="0" timestamp="2024-01-27T08:48:05 EST" skipped="0">
  <testcase classname="testCases.TC_26_Relatedprctsinproductdisplaypg" name="verify_relatedproducts" time="10.967"/>
</testsuite> <!-- testCases.TC_26_Relatedprctsinproductdisplaypg -->
