<?xml version="1.0" encoding="UTF-8"?>
<!-- Generated by org.testng.reporters.JUnitReportReporter -->
<testsuite hostname="Vivek" failures="0" tests="1" name="testCases.TC_CP_006differentpawwordnconfirmpswdfield" time="3.378" errors="0" timestamp="2024-04-27T23:23:30 EDT" skipped="0">
  <testcase classname="testCases.TC_CP_006differentpawwordnconfirmpswdfield" name="Validatechangingthrpassword" time="3.378"/>
</testsuite> <!-- testCases.TC_CP_006differentpawwordnconfirmpswdfield -->
