<?xml version="1.0" encoding="UTF-8"?>
<!-- Generated by org.testng.reporters.JUnitReportReporter -->
<testsuite hostname="Vivek" failures="0" tests="1" name="testCases.TC_SPO_001NavigatingSpecialsofferPgusingSpecialsfooter" time="0.738" errors="0" timestamp="2024-05-11T16:07:27 EDT" skipped="0">
  <testcase classname="testCases.TC_SPO_001NavigatingSpecialsofferPgusingSpecialsfooter" name="submittingenquiryafterloggedin" time="0.738"/>
</testsuite> <!-- testCases.TC_SPO_001NavigatingSpecialsofferPgusingSpecialsfooter -->
