<?xml version="1.0" encoding="UTF-8"?>
<!-- Generated by org.testng.reporters.JUnitReportReporter -->
<testsuite hostname="Vivek" failures="0" tests="1" name="testCases.TC_HMF_009ValidateBrandsFooterlink" time="1.779" errors="0" timestamp="2024-05-14T19:20:08 EDT" skipped="0">
  <testcase classname="testCases.TC_HMF_009ValidateBrandsFooterlink" name="ValidateTermsnConditionsFooterlink" time="1.779"/>
</testsuite> <!-- testCases.TC_HMF_009ValidateBrandsFooterlink -->
