<?xml version="1.0" encoding="UTF-8"?>
<!-- Generated by org.testng.reporters.JUnitReportReporter -->
<testsuite hostname="Vivek" failures="0" tests="1" name="testCases.TC_015_PrdctwithnwithoutTaxnRewardpointsTEST" time="1.711" errors="0" timestamp="2024-01-18T16:26:13 EST" skipped="0">
  <testcase classname="testCases.TC_015_PrdctwithnwithoutTaxnRewardpointsTEST" name="verify_PrdctwithnwithoutTaxnRewardpoints" time="1.711"/>
</testsuite> <!-- testCases.TC_015_PrdctwithnwithoutTaxnRewardpointsTEST -->
