<?xml version="1.0" encoding="UTF-8"?>
<!-- Generated by org.testng.reporters.JUnitReportReporter -->
<testsuite hostname="Vivek" failures="0" tests="1" name="testCases.TC_AB_001ModifyaddbooklinkinMyAccountpg" time="2.098" errors="0" timestamp="2024-04-28T14:19:53 EDT" skipped="0">
  <testcase classname="testCases.TC_AB_001ModifyaddbooklinkinMyAccountpg" name="ModifyaddbooklinkinMyAccountpg" time="2.098"/>
</testsuite> <!-- testCases.TC_AB_001ModifyaddbooklinkinMyAccountpg -->
