<?xml version="1.0" encoding="UTF-8"?>
<!-- Generated by org.testng.reporters.JUnitReportReporter -->
<testsuite hostname="Vivek" failures="0" tests="1" name="testCases.TC_MAI_005Validatingmakingallfieldsemptyineditacntpage" time="4.029" errors="0" timestamp="2024-04-27T11:42:26 EDT" skipped="0">
  <testcase classname="testCases.TC_MAI_005Validatingmakingallfieldsemptyineditacntpage" name="Validatingmakingallfieldsemptyineditacntpage" time="4.029"/>
</testsuite> <!-- testCases.TC_MAI_005Validatingmakingallfieldsemptyineditacntpage -->
