<?xml version="1.0" encoding="UTF-8"?>
<!-- Generated by org.testng.reporters.JUnitReportReporter -->
<testsuite hostname="Vivek" failures="0" tests="1" name="testCases.TC_PR_003CleariningallthefieldsinPrdctReturnPg" time="4.109" errors="0" timestamp="2024-05-01T17:06:40 EDT" skipped="0">
  <testcase classname="testCases.TC_PR_003CleariningallthefieldsinPrdctReturnPg" name="CleariningallthefieldsinPrdctReturnPg" time="4.109"/>
</testsuite> <!-- testCases.TC_PR_003CleariningallthefieldsinPrdctReturnPg -->
