<?xml version="1.0" encoding="UTF-8"?>
<!-- Generated by org.testng.reporters.JUnitReportReporter -->
<testsuite hostname="Vivek" failures="0" tests="1" name="testCases.TC_CU_005Submittingcontactusformbyfillingallmandatoryfields" time="1.474" errors="0" timestamp="2024-05-08T11:43:38 EDT" skipped="0">
  <testcase classname="testCases.TC_CU_005Submittingcontactusformbyfillingallmandatoryfields" name="ValidatingRequiredfieldsanddatainContactuspage" time="1.474"/>
</testsuite> <!-- testCases.TC_CU_005Submittingcontactusformbyfillingallmandatoryfields -->
