<?xml version="1.0" encoding="UTF-8"?>
<!-- Generated by org.testng.reporters.JUnitReportReporter -->
<testsuite hostname="Vivek" failures="0" tests="1" name="testCases.TC_CR_002ValidateCurrencyFunctionalitybyselectingProudSterling" time="0.788" errors="0" timestamp="2024-05-14T23:26:20 EDT" skipped="0">
  <testcase classname="testCases.TC_CR_002ValidateCurrencyFunctionalitybyselectingProudSterling" name="ValidateCurrencyFunctionalitybyselectingProudSterling" time="0.788"/>
</testsuite> <!-- testCases.TC_CR_002ValidateCurrencyFunctionalitybyselectingProudSterling -->
