<?xml version="1.0" encoding="UTF-8"?>
<!-- Generated by org.testng.reporters.JUnitReportReporter -->
<testsuite hostname="Vivek" failures="0" tests="1" name="testCases.TC_AFL_006AffiliatedAcntbyUsingBankTransferopt" time="3.975" errors="0" timestamp="2024-05-07T09:34:23 EDT" skipped="0">
  <testcase classname="testCases.TC_AFL_006AffiliatedAcntbyUsingBankTransferopt" name="AffiliatedAcntbyUsingBankTransferopt" time="3.975"/>
</testsuite> <!-- testCases.TC_AFL_006AffiliatedAcntbyUsingBankTransferopt -->
