<?xml version="1.0" encoding="UTF-8"?>
<!-- Generated by org.testng.reporters.JUnitReportReporter -->
<testsuite hostname="Vivek" failures="0" tests="1" name="testCases.TC_AFL_015LoginpagelinkinAffiliatedPrgmPg" time="1.577" errors="0" timestamp="2024-05-07T13:24:37 EDT" skipped="0">
  <testcase classname="testCases.TC_AFL_015LoginpagelinkinAffiliatedPrgmPg" name="LoginpagelinkinAffiliatedPrgmPg" time="1.577"/>
</testsuite> <!-- testCases.TC_AFL_015LoginpagelinkinAffiliatedPrgmPg -->
