<?xml version="1.0" encoding="UTF-8"?>
<!-- Generated by org.testng.reporters.JUnitReportReporter -->
<testsuite hostname="Vivek" failures="0" tests="1" name="testCases.TC_SPO_006ValidateProductComparelinkinSpecialOfferspage" time="3.296" errors="0" timestamp="2024-05-11T16:42:13 EDT" skipped="0">
  <testcase classname="testCases.TC_SPO_006ValidateProductComparelinkinSpecialOfferspage" name="ValidatingGRIDviewinSpecialoffersPg" time="3.296"/>
</testsuite> <!-- testCases.TC_SPO_006ValidateProductComparelinkinSpecialOfferspage -->
