<?xml version="1.0" encoding="UTF-8"?>
<!-- Generated by org.testng.reporters.JUnitReportReporter -->
<testsuite hostname="Vivek" failures="0" tests="5" name="testCases.TC_019_ValidatingthereviewtabTest" time="70.938" errors="0" timestamp="2024-01-26T11:47:46 EST" skipped="0">
  <testcase classname="testCases.TC_019_ValidatingthereviewtabTest" name="verify_validatethereviewtab" time="14.723"/>
  <testcase classname="testCases.TC_019_ValidatingthereviewtabTest" name="verify_validatethereviewtab" time="14.121"/>
  <testcase classname="testCases.TC_019_ValidatingthereviewtabTest" name="verify_validatethereviewtab" time="14.032"/>
  <testcase classname="testCases.TC_019_ValidatingthereviewtabTest" name="verify_validatethereviewtab" time="14.012"/>
  <testcase classname="testCases.TC_019_ValidatingthereviewtabTest" name="verify_validatethereviewtab" time="14.050"/>
</testsuite> <!-- testCases.TC_019_ValidatingthereviewtabTest -->
