<?xml version="1.0" encoding="UTF-8"?>
<!-- Generated by org.testng.reporters.JUnitReportReporter -->
<testsuite hostname="Vivek" failures="0" tests="1" name="testCases.TC_AFL_010RegisteringNewAffiliatedaccountbygivingMndtfields" time="3.741" errors="0" timestamp="2024-05-07T11:20:43 EDT" skipped="0">
  <testcase classname="testCases.TC_AFL_010RegisteringNewAffiliatedaccountbygivingMndtfields" name="RegisteringNewAffiliatedaccountbygivingMndtfields" time="3.741"/>
</testsuite> <!-- testCases.TC_AFL_010RegisteringNewAffiliatedaccountbygivingMndtfields -->
