<?xml version="1.0" encoding="UTF-8"?>
<!-- Generated by org.testng.reporters.JUnitReportReporter -->
<testsuite hostname="Vivek" failures="0" tests="1" name="testCases.TC_CP_001ChangepasswordPGfromMyAcntPg" time="2.329" errors="0" timestamp="2024-04-27T19:19:46 EDT" skipped="0">
  <testcase classname="testCases.TC_CP_001ChangepasswordPGfromMyAcntPg" name="ChangepasswordPGfromMyAcntPg" time="2.329"/>
</testsuite> <!-- testCases.TC_CP_001ChangepasswordPGfromMyAcntPg -->
