<?xml version="1.0" encoding="UTF-8"?>
<!-- Generated by org.testng.reporters.JUnitReportReporter -->
<testsuite hostname="Vivek" failures="0" tests="1" name="testCases.TC_AFL_024ValdeditingearlierregisAffiliateinfo" time="2.993" errors="0" timestamp="2024-05-07T16:17:21 EDT" skipped="0">
  <testcase classname="testCases.TC_AFL_024ValdeditingearlierregisAffiliateinfo" name="PageURLnPagetitle" time="2.993"/>
</testsuite> <!-- testCases.TC_AFL_024ValdeditingearlierregisAffiliateinfo -->
