<?xml version="1.0" encoding="UTF-8"?>
<!-- Generated by org.testng.reporters.JUnitReportReporter -->
<testsuite hostname="Vivek" failures="0" tests="1" name="testCases.TC_RP_001RewardsPGfromMyAccountPg" time="2.366" errors="0" timestamp="2024-05-03T22:42:26 EDT" skipped="0">
  <testcase classname="testCases.TC_RP_001RewardsPGfromMyAccountPg" name="RewardsPGfromMyAccountPg" time="2.366"/>
</testsuite> <!-- testCases.TC_RP_001RewardsPGfromMyAccountPg -->
