<?xml version="1.0" encoding="UTF-8"?>
<!-- Generated by org.testng.reporters.JUnitReportReporter -->
<testsuite hostname="Vivek" failures="0" tests="1" name="testCases.TC_NLT_001NewsletterSubscpfromMyAccountPG" time="2.193" errors="0" timestamp="2024-05-07T17:48:28 EDT" skipped="0">
  <testcase classname="testCases.TC_NLT_001NewsletterSubscpfromMyAccountPG" name="NewsletterSubscpfromMyAccountPG" time="2.193"/>
</testsuite> <!-- testCases.TC_NLT_001NewsletterSubscpfromMyAccountPG -->
