<?xml version="1.0" encoding="UTF-8"?>
<!-- Generated by org.testng.reporters.JUnitReportReporter -->
<testsuite hostname="Vivek" failures="0" tests="1" name="testCases.TC_CO_006Checkoutbyenteringnewaddresss" time="13.865" errors="0" timestamp="2024-04-26T23:14:57 EDT" skipped="0">
  <testcase classname="testCases.TC_CO_006Checkoutbyenteringnewaddresss" name="Checkoutbyenteringnewaddresss" time="13.865"/>
</testsuite> <!-- testCases.TC_CO_006Checkoutbyenteringnewaddresss -->
