<?xml version="1.0" encoding="UTF-8"?>
<!-- Generated by org.testng.reporters.JUnitReportReporter -->
<testsuite hostname="Vivek" failures="0" tests="1" name="testCases.TC_MAI_003AcntinfofromSitemap" time="2.681" errors="0" timestamp="2024-04-27T10:04:15 EDT" skipped="0">
  <testcase classname="testCases.TC_MAI_003AcntinfofromSitemap" name="AcntinfofromSitemap" time="2.681"/>
</testsuite> <!-- testCases.TC_MAI_003AcntinfofromSitemap -->
