<?xml version="1.0" encoding="UTF-8"?>
<!-- Generated by org.testng.reporters.JUnitReportReporter -->
<testsuite hostname="Vivek" failures="0" tests="1" name="testCases.TC_CP_002PasswordfromRightcolumn" time="2.623" errors="0" timestamp="2024-04-27T19:35:21 EDT" skipped="0">
  <testcase classname="testCases.TC_CP_002PasswordfromRightcolumn" name="PasswordfromRightcolumn" time="2.623"/>
</testsuite> <!-- testCases.TC_CP_002PasswordfromRightcolumn -->
