<?xml version="1.0" encoding="UTF-8"?>
<!-- Generated by org.testng.reporters.JUnitReportReporter -->
<testsuite hostname="Vivek" failures="0" tests="1" name="testCases.TC_013_CkngProductnameBrandnCodeTest" time="2.738" errors="0" timestamp="2024-01-16T20:42:56 EST" skipped="0">
  <testcase classname="testCases.TC_013_CkngProductnameBrandnCodeTest" name="verify_CkngProductnameBrandnCodeTest" time="2.738"/>
</testsuite> <!-- testCases.TC_013_CkngProductnameBrandnCodeTest -->
