<?xml version="1.0" encoding="UTF-8"?>
<!-- Generated by org.testng.reporters.JUnitReportReporter -->
<testsuite hostname="Vivek" failures="0" tests="1" name="testCases.TC_AB_015Givingbillingdetailswhileplacingorder" time="11.964" errors="0" timestamp="2024-04-30T21:34:21 EDT" skipped="0">
  <testcase classname="testCases.TC_AB_015Givingbillingdetailswhileplacingorder" name="Givingbillingdetailswhileplacingorder" time="11.964"/>
</testsuite> <!-- testCases.TC_AB_015Givingbillingdetailswhileplacingorder -->
