<?xml version="1.0" encoding="UTF-8"?>
<!-- Generated by org.testng.reporters.JUnitReportReporter -->
<testsuite hostname="Vivek" failures="0" tests="1" name="testCases.TC_CO_004checkoutthruCartblock" time="9.039" errors="0" timestamp="2024-04-24T12:35:50 EDT" skipped="0">
  <testcase classname="testCases.TC_CO_004checkoutthruCartblock" name="checkoutthruCartblock" time="9.039"/>
</testsuite> <!-- testCases.TC_CO_004checkoutthruCartblock -->
