<?xml version="1.0" encoding="UTF-8"?>
<!-- Generated by org.testng.reporters.JUnitReportReporter -->
<testsuite hostname="Vivek" failures="0" tests="1" name="testCases.TC_HMF_003ValidatingRemovebtnfromShoppingcartblock" time="1.823" errors="0" timestamp="2024-05-14T16:35:52 EDT" skipped="0">
  <testcase classname="testCases.TC_HMF_003ValidatingRemovebtnfromShoppingcartblock" name="ValidatingCurrencyHeaderOption" time="1.823"/>
</testsuite> <!-- testCases.TC_HMF_003ValidatingRemovebtnfromShoppingcartblock -->
