<?xml version="1.0" encoding="UTF-8"?>
<!-- Generated by org.testng.reporters.JUnitReportReporter -->
<testsuite hostname="Vivek" failures="0" tests="1" name="testCases.TC_AFL_018VerifyingLogintoAffiliatedAccntwithoutregister" time="1.202" errors="0" timestamp="2024-05-07T13:46:51 EDT" skipped="0">
  <testcase classname="testCases.TC_AFL_018VerifyingLogintoAffiliatedAccntwithoutregister" name="VerifyingLogintoAffiliatedAccntwithoutregister" time="1.202"/>
</testsuite> <!-- testCases.TC_AFL_018VerifyingLogintoAffiliatedAccntwithoutregister -->
