<?xml version="1.0" encoding="UTF-8"?>
<!-- Generated by org.testng.reporters.JUnitReportReporter -->
<testsuite hostname="Vivek" failures="0" tests="1" name="testCases.TC_HMF_002ValidatingCurrencyHeaderOption" time="0.121" errors="0" timestamp="2024-05-14T16:28:14 EDT" skipped="0">
  <testcase classname="testCases.TC_HMF_002ValidatingCurrencyHeaderOption" name="ValidatingCurrencyHeaderOption" time="0.121"/>
</testsuite> <!-- testCases.TC_HMF_002ValidatingCurrencyHeaderOption -->
