<?xml version="1.0" encoding="UTF-8"?>
<!-- Generated by org.testng.reporters.JUnitReportReporter -->
<testsuite hostname="Vivek" failures="0" tests="1" name="testCases.TC_NLT_003NewslettersubfromRIGHTcolumnbeforelogin" time="2.887" errors="0" timestamp="2024-05-07T17:57:54 EDT" skipped="0">
  <testcase classname="testCases.TC_NLT_003NewslettersubfromRIGHTcolumnbeforelogin" name="NewslettersubfromRIGHTcolumnbeforelogin" time="2.887"/>
</testsuite> <!-- testCases.TC_NLT_003NewslettersubfromRIGHTcolumnbeforelogin -->
