<?xml version="1.0" encoding="UTF-8"?>
<!-- Generated by org.testng.reporters.JUnitReportReporter -->
<testsuite hostname="Vivek" failures="0" tests="1" name="testCases.TC_AFL_009ValidMandatoryfieldsinBankTransfmethod" time="2.752" errors="0" timestamp="2024-05-07T10:07:07 EDT" skipped="0">
  <testcase classname="testCases.TC_AFL_009ValidMandatoryfieldsinBankTransfmethod" name="ValidatingmandatoryfieldsinPaypal" time="2.752"/>
</testsuite> <!-- testCases.TC_AFL_009ValidMandatoryfieldsinBankTransfmethod -->
