<?xml version="1.0" encoding="UTF-8"?>
<!-- Generated by org.testng.reporters.JUnitReportReporter -->
<testsuite hostname="Vivek" failures="0" tests="1" name="testCases.TC_RS_002ReturnsfromRigthtcolumn" time="1.936" errors="0" timestamp="2024-05-05T16:21:25 EDT" skipped="0">
  <testcase classname="testCases.TC_RS_002ReturnsfromRigthtcolumn" name="ReturnsfromRigthtcolumn" time="1.936"/>
</testsuite> <!-- testCases.TC_RS_002ReturnsfromRigthtcolumn -->
