<?xml version="1.0" encoding="UTF-8"?>
<!-- Generated by org.testng.reporters.JUnitReportReporter -->
<testsuite hostname="Vivek" failures="0" tests="1" name="testCases.TC_OI_003ValidatingReturnIconinOrderInfoPg" time="3.252" errors="0" timestamp="2024-05-01T15:11:27 EDT" skipped="0">
  <testcase classname="testCases.TC_OI_003ValidatingReturnIconinOrderInfoPg" name="ValidatingReturnIconinOrderInfoPg" time="3.252"/>
</testsuite> <!-- testCases.TC_OI_003ValidatingReturnIconinOrderInfoPg -->
