<?xml version="1.0" encoding="UTF-8"?>
<!-- Generated by org.testng.reporters.JUnitReportReporter -->
<testsuite hostname="Vivek" failures="0" tests="1" name="testCases.TC_RCP_003NorecurringpaymentsmsginRecurrigpymntsPG" time="2.174" errors="0" timestamp="2024-05-06T10:59:48 EDT" skipped="0">
  <testcase classname="testCases.TC_RCP_003NorecurringpaymentsmsginRecurrigpymntsPG" name="NorecurringpaymentsmsginRecurrigpymntsPG" time="2.174"/>
</testsuite> <!-- testCases.TC_RCP_003NorecurringpaymentsmsginRecurrigpymntsPG -->
