<?xml version="1.0" encoding="UTF-8"?>
<!-- Generated by org.testng.reporters.JUnitReportReporter -->
<testsuite hostname="Vivek" failures="0" tests="1" name="testCases.TC_CU_008EnteringInvalidemaininContactuspage" time="1.308" errors="0" timestamp="2024-05-08T15:55:54 EDT" skipped="0">
  <testcase classname="testCases.TC_CU_008EnteringInvalidemaininContactuspage" name="EnteringInvalidemaininContactuspage" time="1.308"/>
</testsuite> <!-- testCases.TC_CU_008EnteringInvalidemaininContactuspage -->
