<?xml version="1.0" encoding="UTF-8"?>
<!-- Generated by org.testng.reporters.JUnitReportReporter -->
<testsuite hostname="Vivek" failures="0" tests="1" name="testCases.TC_NLT_007UpdateSubscrpoptinNewsletterRIGHTopt" time="7.120" errors="0" timestamp="2024-05-07T19:03:29 EDT" skipped="0">
  <testcase classname="testCases.TC_NLT_007UpdateSubscrpoptinNewsletterRIGHTopt" name="UpdateSubscrpoptinNewsletterRIGHTopt" time="7.120"/>
</testsuite> <!-- testCases.TC_NLT_007UpdateSubscrpoptinNewsletterRIGHTopt -->
