<?xml version="1.0" encoding="UTF-8"?>
<!-- Generated by org.testng.reporters.JUnitReportReporter -->
<testsuite hostname="Vivek" failures="0" tests="1" name="testCases.TC_CO_009Valwithoutenteringdatainmandatoryfield" time="7.974" errors="0" timestamp="2024-04-27T00:02:48 EDT" skipped="0">
  <testcase classname="testCases.TC_CO_009Valwithoutenteringdatainmandatoryfield" name="Valwithoutenteringdatainmandatoryfield" time="7.974"/>
</testsuite> <!-- testCases.TC_CO_009Valwithoutenteringdatainmandatoryfield -->
