<?xml version="1.0" encoding="UTF-8"?>
<!-- Generated by org.testng.reporters.JUnitReportReporter -->
<testsuite hostname="Vivek" failures="0" tests="4" name="testCases.TC_009_Testcontactnumber" time="29.940" errors="0" timestamp="2024-05-06T22:36:09 EDT" skipped="0">
  <testcase classname="testCases.TC_009_Testcontactnumber" name="Verify_Testcontactnumber" time="7.716"/>
  <testcase classname="testCases.TC_009_Testcontactnumber" name="Verify_Testcontactnumber" time="7.569"/>
  <testcase classname="testCases.TC_009_Testcontactnumber" name="Verify_Testcontactnumber" time="7.075"/>
  <testcase classname="testCases.TC_009_Testcontactnumber" name="Verify_Testcontactnumber" time="7.580"/>
</testsuite> <!-- testCases.TC_009_Testcontactnumber -->
