<?xml version="1.0" encoding="UTF-8"?>
<!-- Generated by org.testng.reporters.JUnitReportReporter -->
<testsuite hostname="Vivek" failures="0" tests="1" name="testCases.TC_RCP_004ContinuebtninRecurringpymntsmsg" time="2.531" errors="0" timestamp="2024-05-06T11:10:43 EDT" skipped="0">
  <testcase classname="testCases.TC_RCP_004ContinuebtninRecurringpymntsmsg" name="ContinuebtninRecurringpymntsmsg" time="2.531"/>
</testsuite> <!-- testCases.TC_RCP_004ContinuebtninRecurringpymntsmsg -->
