<?xml version="1.0" encoding="UTF-8"?>
<!-- Generated by org.testng.reporters.JUnitReportReporter -->
<testsuite hostname="Vivek" failures="0" tests="1" name="testCases.TC_HMF_016AddingproducttoWishListfromBrandPg" time="4.729" errors="0" timestamp="2024-05-14T22:20:57 EDT" skipped="0">
  <testcase classname="testCases.TC_HMF_016AddingproducttoWishListfromBrandPg" name="AddingproducttoWishListfromBrandPg" time="4.729"/>
</testsuite> <!-- testCases.TC_HMF_016AddingproducttoWishListfromBrandPg -->
