<?xml version="1.0" encoding="UTF-8"?>
<!-- Generated by org.testng.reporters.JUnitReportReporter -->
<testsuite hostname="Vivek" failures="0" tests="1" name="testCases.TC_AFL_012ValidatingAffiliatedprgwithinvalidemail" time="2.559" errors="0" timestamp="2024-05-07T11:49:32 EDT" skipped="0">
  <testcase classname="testCases.TC_AFL_012ValidatingAffiliatedprgwithinvalidemail" name="ValidatingAffiliatedprgwithinvalidemail" time="2.559"/>
</testsuite> <!-- testCases.TC_AFL_012ValidatingAffiliatedprgwithinvalidemail -->
