<?xml version="1.0" encoding="UTF-8"?>
<!-- Generated by org.testng.reporters.JUnitReportReporter -->
<testsuite hostname="Vivek" failures="0" tests="1" name="testCases.TC_CU_003ContactUsPagefromOrderSuccessPg" time="11.118" errors="0" timestamp="2024-05-08T09:59:39 EDT" skipped="0">
  <testcase classname="testCases.TC_CU_003ContactUsPagefromOrderSuccessPg" name="ContactUsPagefromOrderSuccessPg" time="11.118"/>
</testsuite> <!-- testCases.TC_CU_003ContactUsPagefromOrderSuccessPg -->
