<?xml version="1.0" encoding="UTF-8"?>
<!-- Generated by org.testng.reporters.JUnitReportReporter -->
<testsuite hostname="Vivek" failures="0" tests="1" name="testCases.TC_AFL_021PageURLnPagetitle" time="2.169" errors="0" timestamp="2024-05-07T14:01:55 EDT" skipped="0">
  <testcase classname="testCases.TC_AFL_021PageURLnPagetitle" name="PageURLnPagetitle" time="2.169"/>
</testsuite> <!-- testCases.TC_AFL_021PageURLnPagetitle -->
