<?xml version="1.0" encoding="UTF-8"?>
<!-- Generated by org.testng.reporters.JUnitReportReporter -->
<testsuite hostname="Vivek" failures="0" tests="1" name="testCases.TC_CO_005CheckoutasSignedInUser" time="14.272" errors="0" timestamp="2024-04-24T12:55:29 EDT" skipped="0">
  <testcase classname="testCases.TC_CO_005CheckoutasSignedInUser" name="CheckoutasSignedInUser" time="14.272"/>
</testsuite> <!-- testCases.TC_CO_005CheckoutasSignedInUser -->
