<?xml version="1.0" encoding="UTF-8"?>
<!-- Generated by org.testng.reporters.JUnitReportReporter -->
<testsuite hostname="Vivek" failures="0" tests="1" name="testCases.TC_MAI_002EditAcntfromRightcolumn" time="2.905" errors="0" timestamp="2024-04-27T09:50:50 EDT" skipped="0">
  <testcase classname="testCases.TC_MAI_002EditAcntfromRightcolumn" name="EditAcntfromRightcolumn" time="2.905"/>
</testsuite> <!-- testCases.TC_MAI_002EditAcntfromRightcolumn -->
