<?xml version="1.0" encoding="UTF-8"?>
<!-- Generated by org.testng.reporters.JUnitReportReporter -->
<testsuite hostname="Vivek" failures="0" tests="1" name="testCases.TC_DL_003DownloadsFromRightsidecoulmnOpt" time="2.065" errors="0" timestamp="2024-05-03T19:14:03 EDT" skipped="0">
  <testcase classname="testCases.TC_DL_003DownloadsFromRightsidecoulmnOpt" name="DownloadsFromRightsidecoulmnOpt" time="2.065"/>
</testsuite> <!-- testCases.TC_DL_003DownloadsFromRightsidecoulmnOpt -->
