<?xml version="1.0" encoding="UTF-8"?>
<!-- Generated by org.testng.reporters.JUnitReportReporter -->
<testsuite hostname="Vivek" failures="0" tests="1" name="testCases.TC_NLT_005Newsletterfooteroptafterloggedin" time="2.164" errors="0" timestamp="2024-05-07T18:05:45 EDT" skipped="0">
  <testcase classname="testCases.TC_NLT_005Newsletterfooteroptafterloggedin" name="Newsletterfooteroptafterloggedin" time="2.164"/>
</testsuite> <!-- testCases.TC_NLT_005Newsletterfooteroptafterloggedin -->
