<?xml version="1.0" encoding="UTF-8"?>
<!-- Generated by org.testng.reporters.JUnitReportReporter -->
<testsuite hostname="Vivek" failures="0" tests="1" name="testCases.TC_CU_009submittingenquiryafterloggedin" time="2.780" errors="0" timestamp="2024-05-08T16:13:25 EDT" skipped="0">
  <testcase classname="testCases.TC_CU_009submittingenquiryafterloggedin" name="submittingenquiryafterloggedin" time="2.780"/>
</testsuite> <!-- testCases.TC_CU_009submittingenquiryafterloggedin -->
