<?xml version="1.0" encoding="UTF-8"?>
<!-- Generated by org.testng.reporters.JUnitReportReporter -->
<testsuite hostname="Vivek" failures="0" tests="1" name="testCases.TC_SC_016ValidateCouponcodewithoutenteringanyvalue" time="6.745" errors="0" timestamp="2024-04-22T09:12:05 EDT" skipped="0">
  <testcase classname="testCases.TC_SC_016ValidateCouponcodewithoutenteringanyvalue" name="ValidateCouponcodewithoutenteringanyvalue" time="6.745"/>
</testsuite> <!-- testCases.TC_SC_016ValidateCouponcodewithoutenteringanyvalue -->
