<?xml version="1.0" encoding="UTF-8"?>
<!-- Generated by org.testng.reporters.JUnitReportReporter -->
<testsuite hostname="Vivek" failures="0" tests="1" name="testCases.TC_016_MinimumquantitysetTest" time="68.919" errors="0" timestamp="2024-05-06T19:35:22 EDT" skipped="0">
  <testcase classname="testCases.TC_016_MinimumquantitysetTest" name="Verify_MinimumquantitysetTest" time="68.919"/>
</testsuite> <!-- testCases.TC_016_MinimumquantitysetTest -->
