<?xml version="1.0" encoding="UTF-8"?>
<!-- Generated by org.testng.reporters.JUnitReportReporter -->
<testsuite hostname="Vivek" failures="0" tests="1" name="testCases.TC_NLT_004NewsletterFooterOpt" time="2.029" errors="0" timestamp="2024-05-07T18:02:33 EDT" skipped="0">
  <testcase classname="testCases.TC_NLT_004NewsletterFooterOpt" name="NewsletterFooterOpt" time="2.029"/>
</testsuite> <!-- testCases.TC_NLT_004NewsletterFooterOpt -->
