<?xml version="1.0" encoding="UTF-8"?>
<!-- Generated by org.testng.reporters.JUnitReportReporter -->
<testsuite hostname="Vivek" failures="0" tests="1" name="testCases.TC_AFL_002RegisterofanaffiliatedAcntbyprovidingalldetails" time="3.183" errors="0" timestamp="2024-05-06T14:20:11 EDT" skipped="0">
  <testcase classname="testCases.TC_AFL_002RegisterofanaffiliatedAcntbyprovidingalldetails" name="RegisterofanaffiliatedAcntbyprovidingalldetails" time="3.183"/>
</testsuite> <!-- testCases.TC_AFL_002RegisterofanaffiliatedAcntbyprovidingalldetails -->
