<?xml version="1.0" encoding="UTF-8"?>
<!-- Generated by org.testng.reporters.JUnitReportReporter -->
<testsuite hostname="Vivek" failures="0" tests="1" name="testCases.TC_TS_006ValidatingContinuebtninYourTransactionsPg" time="3.056" errors="0" timestamp="2024-05-06T10:38:18 EDT" skipped="0">
  <testcase classname="testCases.TC_TS_006ValidatingContinuebtninYourTransactionsPg" name="YourtransactionfrmRightcolumnbeforeeLogin" time="3.056"/>
</testsuite> <!-- testCases.TC_TS_006ValidatingContinuebtninYourTransactionsPg -->
