<?xml version="1.0" encoding="UTF-8"?>
<!-- Generated by org.testng.reporters.JUnitReportReporter -->
<testsuite hostname="Vivek" failures="0" tests="1" name="testCases.TC_28_ProductnamelinkinCartbtn" time="16.223" errors="0" timestamp="2024-01-27T09:48:51 EST" skipped="0">
  <testcase classname="testCases.TC_28_ProductnamelinkinCartbtn" name="verify_productnamelinkincart" time="16.223"/>
</testsuite> <!-- testCases.TC_28_ProductnamelinkinCartbtn -->
