<?xml version="1.0" encoding="UTF-8"?>
<!-- Generated by org.testng.reporters.JUnitReportReporter -->
<testsuite hostname="Vivek" failures="0" tests="1" name="testCases.TC_DL_002AccountDownloadsFromMyAccountDropdwn" time="2.301" errors="0" timestamp="2024-05-03T18:26:30 EDT" skipped="0">
  <testcase classname="testCases.TC_DL_002AccountDownloadsFromMyAccountDropdwn" name="AccountDownloadsFromMyAccountDropdwn" time="2.301"/>
</testsuite> <!-- testCases.TC_DL_002AccountDownloadsFromMyAccountDropdwn -->
