<?xml version="1.0" encoding="UTF-8"?>
<!-- Generated by org.testng.reporters.JUnitReportReporter -->
<testsuite hostname="Vivek" failures="0" tests="1" name="testCases.TC_31_WL_FeaturedsectioninHMPG" time="12.208" errors="0" timestamp="2024-03-24T16:09:50 EDT" skipped="0">
  <testcase classname="testCases.TC_31_WL_FeaturedsectioninHMPG" name="addprdctWLinfeaturepg" time="12.208"/>
</testsuite> <!-- testCases.TC_31_WL_FeaturedsectioninHMPG -->
