<?xml version="1.0" encoding="UTF-8"?>
<!-- Generated by org.testng.reporters.JUnitReportReporter -->
<testsuite hostname="Vivek" failures="0" tests="1" name="testCases.TC_016_MinimumquantitysetTest" time="69.735" errors="0" timestamp="2024-01-30T11:09:53 EST" skipped="0">
  <testcase classname="testCases.TC_016_MinimumquantitysetTest" name="Verify_MinimumquantitysetTest" time="69.735"/>
</testsuite> <!-- testCases.TC_016_MinimumquantitysetTest -->
