<?xml version="1.0" encoding="UTF-8"?>
<!-- Generated by org.testng.reporters.JUnitReportReporter -->
<testsuite hostname="Vivek" failures="0" tests="1" name="testCases.TC_MA_005MyacntinSitepmapPg" time="2.719" errors="0" timestamp="2024-04-27T01:34:13 EDT" skipped="0">
  <testcase classname="testCases.TC_MA_005MyacntinSitepmapPg" name="MyacntinSitepmapPg" time="2.719"/>
</testsuite> <!-- testCases.TC_MA_005MyacntinSitepmapPg -->
