<?xml version="1.0" encoding="UTF-8"?>
<!-- Generated by org.testng.reporters.JUnitReportReporter -->
<testsuite hostname="Vivek" failures="0" tests="1" name="testCases.TC_AFL_014ValidatingbyprovidpwdnConfrmpwddifferently" time="2.501" errors="0" timestamp="2024-05-07T13:10:38 EDT" skipped="0">
  <testcase classname="testCases.TC_AFL_014ValidatingbyprovidpwdnConfrmpwddifferently" name="ValidatingbyprovidpwdnConfrmpwddifferently" time="2.501"/>
</testsuite> <!-- testCases.TC_AFL_014ValidatingbyprovidpwdnConfrmpwddifferently -->
