<?xml version="1.0" encoding="UTF-8"?>
<!-- Generated by org.testng.reporters.JUnitReportReporter -->
<testsuite hostname="Vivek" failures="0" tests="1" name="testCases.TC_DL_004AccountDownloadPgfromSiteMap" time="2.807" errors="0" timestamp="2024-05-03T19:38:18 EDT" skipped="0">
  <testcase classname="testCases.TC_DL_004AccountDownloadPgfromSiteMap" name="AccountDownloadPgfromSiteMap" time="2.807"/>
</testsuite> <!-- testCases.TC_DL_004AccountDownloadPgfromSiteMap -->
