<?xml version="1.0" encoding="UTF-8"?>
<!-- Generated by org.testng.reporters.JUnitReportReporter -->
<testsuite hostname="Vivek" failures="0" tests="1" name="testCases.TC_RS_004testingProductsReturnPgwhentheyisnoprdctreturn" time="1.831" errors="0" timestamp="2024-05-05T16:51:20 EDT" skipped="0">
  <testcase classname="testCases.TC_RS_004testingProductsReturnPgwhentheyisnoprdctreturn" name="testingProductsReturnPgwhentheyisnoprdctreturn" time="1.831"/>
</testsuite> <!-- testCases.TC_RS_004testingProductsReturnPgwhentheyisnoprdctreturn -->
