<?xml version="1.0" encoding="UTF-8"?>
<!-- Generated by org.testng.reporters.JUnitReportReporter -->
<testsuite hostname="Vivek" failures="0" tests="1" name="testCases.TC_DL_001AccountsDowloadPgfromMyAcntPg" time="2.377" errors="0" timestamp="2024-05-03T18:18:35 EDT" skipped="0">
  <testcase classname="testCases.TC_DL_001AccountsDowloadPgfromMyAcntPg" name="AccountsDowloadPgfromMyAcntPg" time="2.377"/>
</testsuite> <!-- testCases.TC_DL_001AccountsDowloadPgfromMyAcntPg -->
