<?xml version="1.0" encoding="UTF-8"?>
<!-- Generated by org.testng.reporters.JUnitReportReporter -->
<testsuite hostname="Vivek" failures="0" tests="1" name="testCases.TC_TS_005Validatingusernotplacedanytransactions" time="2.336" errors="0" timestamp="2024-05-06T10:32:54 EDT" skipped="0">
  <testcase classname="testCases.TC_TS_005Validatingusernotplacedanytransactions" name="YourtransactionfrmRightcolumnbeforeeLogin" time="2.336"/>
</testsuite> <!-- testCases.TC_TS_005Validatingusernotplacedanytransactions -->
