<?xml version="1.0" encoding="UTF-8"?>
<!-- Generated by org.testng.reporters.JUnitReportReporter -->
<testsuite hostname="Vivek" failures="0" tests="1" name="testCases.TC_RP_003RewardpointspgfromRightclmwithoutLogin" time="2.541" errors="0" timestamp="2024-05-03T22:51:09 EDT" skipped="0">
  <testcase classname="testCases.TC_RP_003RewardpointspgfromRightclmwithoutLogin" name="RewardpointspgfromRightclmwithoutLogin" time="2.541"/>
</testsuite> <!-- testCases.TC_RP_003RewardpointspgfromRightclmwithoutLogin -->
