<?xml version="1.0" encoding="UTF-8"?>
<!-- Generated by org.testng.reporters.JUnitReportReporter -->
<testsuite hostname="Vivek" failures="0" tests="1" name="testCases.TC_CO_018CheckoutbySigningIn" time="16.496" errors="0" timestamp="2024-04-27T00:31:24 EDT" skipped="0">
  <testcase classname="testCases.TC_CO_018CheckoutbySigningIn" name="CheckoutbySigningIn" time="16.496"/>
</testsuite> <!-- testCases.TC_CO_018CheckoutbySigningIn -->
