<?xml version="1.0" encoding="UTF-8"?>
<!-- Generated by org.testng.reporters.JUnitReportReporter -->
<testsuite hostname="Vivek" failures="0" tests="1" name="testCases.TC_GC_001ValidatingGiftcardfootertab" time="0.505" errors="0" timestamp="2024-05-08T16:30:45 EDT" skipped="0">
  <testcase classname="testCases.TC_GC_001ValidatingGiftcardfootertab" name="submittingenquiryafterloggedin" time="0.505"/>
</testsuite> <!-- testCases.TC_GC_001ValidatingGiftcardfootertab -->
