<?xml version="1.0" encoding="UTF-8"?>
<!-- Generated by org.testng.reporters.JUnitReportReporter -->
<testsuite hostname="Vivek" failures="0" tests="1" name="testCases.TC_HMF_005ValidateAboutUsFooterlink" time="0.470" errors="0" timestamp="2024-05-14T18:01:28 EDT" skipped="0">
  <testcase classname="testCases.TC_HMF_005ValidateAboutUsFooterlink" name="ValidateAboutUsFooterlink" time="0.470"/>
</testsuite> <!-- testCases.TC_HMF_005ValidateAboutUsFooterlink -->
