<?xml version="1.0" encoding="UTF-8"?>
<!-- Generated by org.testng.reporters.JUnitReportReporter -->
<testsuite hostname="Vivek" failures="0" tests="1" name="testCases.TC_37_WL_RemovingOrEmptyWL" time="3.954" errors="0" timestamp="2024-02-01T22:29:45 EST" skipped="0">
  <testcase classname="testCases.TC_37_WL_RemovingOrEmptyWL" name="RemoreOREmptyWL" time="3.954"/>
</testsuite> <!-- testCases.TC_37_WL_RemovingOrEmptyWL -->
