<?xml version="1.0" encoding="UTF-8"?>
<!-- Generated by org.testng.reporters.JUnitReportReporter -->
<testsuite hostname="Vivek" failures="0" tests="1" name="testCases.TC_SC_004AccessBlackshpcartopt" time="10.832" errors="0" timestamp="2024-02-04T23:06:01 EST" skipped="0">
  <testcase classname="testCases.TC_SC_004AccessBlackshpcartopt" name="Verify_Blackshoppingcartopt" time="10.832"/>
</testsuite> <!-- testCases.TC_SC_004AccessBlackshpcartopt -->
