<?xml version="1.0" encoding="UTF-8"?>
<!-- Generated by org.testng.reporters.JUnitReportReporter -->
<testsuite hostname="Vivek" failures="0" tests="1" name="testCases.TC_OH_005OrderHisfromRightcolumnBeforeLogin" time="2.406" errors="0" timestamp="2024-04-30T22:15:59 EDT" skipped="0">
  <testcase classname="testCases.TC_OH_005OrderHisfromRightcolumnBeforeLogin" name="OrderHisfromRightcolumnBeforeLogin" time="2.406"/>
</testsuite> <!-- testCases.TC_OH_005OrderHisfromRightcolumnBeforeLogin -->
