<?xml version="1.0" encoding="UTF-8"?>
<!-- Generated by org.testng.reporters.JUnitReportReporter -->
<testsuite hostname="Vivek" failures="0" tests="1" name="testCases.TC_002_LoginTest" time="4.066" errors="0" timestamp="2023-12-05T19:59:22 EST" skipped="0">
  <testcase classname="testCases.TC_002_LoginTest" name="verify_login" time="4.066"/>
</testsuite> <!-- testCases.TC_002_LoginTest -->
