<?xml version="1.0" encoding="UTF-8"?>
<!-- Generated by org.testng.reporters.JUnitReportReporter -->
<testsuite hostname="Vivek" failures="0" tests="1" name="testCases.TC_001_AccountRegistrationTest" time="7.319" errors="0" timestamp="2023-12-18T08:27:38 EST" skipped="0">
  <testcase classname="testCases.TC_001_AccountRegistrationTest" name="verify_Account_Registration" time="7.319"/>
</testsuite> <!-- testCases.TC_001_AccountRegistrationTest -->
