<?xml version="1.0" encoding="UTF-8"?>
<!-- Generated by org.testng.reporters.JUnitReportReporter -->
<testsuite hostname="Vivek" failures="0" tests="1" name="testCases.TC_009_Testcontactnumber" time="6.778" errors="0" timestamp="2024-01-19T17:27:48 EST" skipped="0">
  <testcase classname="testCases.TC_009_Testcontactnumber" name="Verify_Testcontactnumber" time="6.778"/>
</testsuite> <!-- testCases.TC_009_Testcontactnumber -->
