<?xml version="1.0" encoding="UTF-8"?>
<!-- Generated by org.testng.reporters.JUnitReportReporter -->
<testsuite hostname="Vivek" failures="0" tests="1" name="testCases.TC_016_MinimumquantitysetTest" time="52.225" errors="0" timestamp="2024-01-21T14:57:24 EST" skipped="0">
  <testcase classname="testCases.TC_016_MinimumquantitysetTest" name="Verify_MinimumquantitysetTest" time="52.225"/>
</testsuite> <!-- testCases.TC_016_MinimumquantitysetTest -->
